{"C:\\Users\\Indra\\Desktop\\finalProject\\ngabolang-server\\app.js": {"path":"C:\\Users\\Indra\\Desktop\\finalProject\\ngabolang-server\\app.js","statementMap":{"0":{"start":{"line":1,"column":0},"end":{"line":1,"column":27}},"1":{"start":{"line":3,"column":16},"end":{"line":3,"column":34}},"2":{"start":{"line":4,"column":12},"end":{"line":4,"column":21}},"3":{"start":{"line":5,"column":15},"end":{"line":5,"column":35}},"4":{"start":{"line":6,"column":21},"end":{"line":6,"column":58}},"5":{"start":{"line":7,"column":13},"end":{"line":7,"column":28}},"6":{"start":{"line":9,"column":13},"end":{"line":9,"column":37}},"7":{"start":{"line":11,"column":0},"end":{"line":11,"column":16}},"8":{"start":{"line":13,"column":0},"end":{"line":13,"column":49}},"9":{"start":{"line":14,"column":0},"end":{"line":14,"column":24}},"10":{"start":{"line":20,"column":0},"end":{"line":20,"column":16}},"11":{"start":{"line":21,"column":0},"end":{"line":21,"column":22}},"12":{"start":{"line":27,"column":0},"end":{"line":27,"column":21}}},"fnMap":{},"branchMap":{"0":{"loc":{"start":{"line":9,"column":13},"end":{"line":9,"column":37}},"type":"binary-expr","locations":[{"start":{"line":9,"column":13},"end":{"line":9,"column":29}},{"start":{"line":9,"column":33},"end":{"line":9,"column":37}}],"line":9}},"s":{"0":2,"1":2,"2":2,"3":2,"4":2,"5":2,"6":2,"7":2,"8":2,"9":2,"10":2,"11":2,"12":2},"f":{},"b":{"0":[2,2]},"_coverageSchema":"1a1c01bbd47fc00a2c39e90264f33305004495a9","hash":"16669350e17f381c27b0c756fa798a2d978f1e34"}
,"C:\\Users\\Indra\\Desktop\\finalProject\\ngabolang-server\\controllers\\adminController.js": {"path":"C:\\Users\\Indra\\Desktop\\finalProject\\ngabolang-server\\controllers\\adminController.js","statementMap":{"0":{"start":{"line":1,"column":57},"end":{"line":1,"column":77}},"1":{"start":{"line":2,"column":28},"end":{"line":2,"column":56}},"2":{"start":{"line":3,"column":22},"end":{"line":3,"column":47}},"3":{"start":{"line":7,"column":4},"end":{"line":26,"column":5}},"4":{"start":{"line":9,"column":8},"end":{"line":9,"column":16}},"5":{"start":{"line":10,"column":25},"end":{"line":18,"column":8}},"6":{"start":{"line":19,"column":6},"end":{"line":23,"column":9}},"7":{"start":{"line":25,"column":6},"end":{"line":25,"column":18}},"8":{"start":{"line":30,"column":4},"end":{"line":48,"column":5}},"9":{"start":{"line":31,"column":34},"end":{"line":31,"column":42}},"10":{"start":{"line":32,"column":6},"end":{"line":32,"column":52}},"11":{"start":{"line":32,"column":18},"end":{"line":32,"column":52}},"12":{"start":{"line":33,"column":6},"end":{"line":33,"column":58}},"13":{"start":{"line":33,"column":21},"end":{"line":33,"column":58}},"14":{"start":{"line":34,"column":19},"end":{"line":36,"column":8}},"15":{"start":{"line":37,"column":6},"end":{"line":39,"column":7}},"16":{"start":{"line":38,"column":8},"end":{"line":38,"column":47}},"17":{"start":{"line":40,"column":6},"end":{"line":45,"column":9}},"18":{"start":{"line":47,"column":6},"end":{"line":47,"column":18}},"19":{"start":{"line":52,"column":4},"end":{"line":76,"column":5}},"20":{"start":{"line":53,"column":20},"end":{"line":72,"column":8}},"21":{"start":{"line":73,"column":6},"end":{"line":73,"column":34}},"22":{"start":{"line":75,"column":6},"end":{"line":75,"column":18}},"23":{"start":{"line":80,"column":4},"end":{"line":109,"column":5}},"24":{"start":{"line":81,"column":21},"end":{"line":81,"column":31}},"25":{"start":{"line":82,"column":19},"end":{"line":105,"column":8}},"26":{"start":{"line":106,"column":6},"end":{"line":106,"column":33}},"27":{"start":{"line":108,"column":6},"end":{"line":108,"column":18}},"28":{"start":{"line":113,"column":4},"end":{"line":118,"column":5}},"29":{"start":{"line":114,"column":22},"end":{"line":114,"column":67}},"30":{"start":{"line":115,"column":6},"end":{"line":115,"column":61}},"31":{"start":{"line":117,"column":6},"end":{"line":117,"column":18}},"32":{"start":{"line":122,"column":4},"end":{"line":165,"column":5}},"33":{"start":{"line":123,"column":21},"end":{"line":123,"column":31}},"34":{"start":{"line":138,"column":10},"end":{"line":138,"column":18}},"35":{"start":{"line":139,"column":19},"end":{"line":139,"column":56}},"36":{"start":{"line":140,"column":6},"end":{"line":140,"column":48}},"37":{"start":{"line":140,"column":17},"end":{"line":140,"column":48}},"38":{"start":{"line":141,"column":25},"end":{"line":158,"column":7}},"39":{"start":{"line":159,"column":6},"end":{"line":162,"column":9}},"40":{"start":{"line":164,"column":6},"end":{"line":164,"column":18}},"41":{"start":{"line":169,"column":4},"end":{"line":175,"column":5}},"42":{"start":{"line":170,"column":21},"end":{"line":170,"column":31}},"43":{"start":{"line":171,"column":25},"end":{"line":171,"column":62}},"44":{"start":{"line":172,"column":6},"end":{"line":172,"column":77}},"45":{"start":{"line":174,"column":6},"end":{"line":174,"column":18}},"46":{"start":{"line":180,"column":4},"end":{"line":185,"column":5}},"47":{"start":{"line":181,"column":25},"end":{"line":181,"column":49}},"48":{"start":{"line":182,"column":6},"end":{"line":182,"column":39}},"49":{"start":{"line":184,"column":6},"end":{"line":184,"column":18}},"50":{"start":{"line":188,"column":4},"end":{"line":198,"column":5}},"51":{"start":{"line":189,"column":31},"end":{"line":189,"column":39}},"52":{"start":{"line":190,"column":26},"end":{"line":193,"column":8}},"53":{"start":{"line":194,"column":6},"end":{"line":194,"column":40}},"54":{"start":{"line":196,"column":6},"end":{"line":196,"column":18}},"55":{"start":{"line":201,"column":4},"end":{"line":210,"column":5}},"56":{"start":{"line":202,"column":21},"end":{"line":202,"column":31}},"57":{"start":{"line":204,"column":29},"end":{"line":204,"column":70}},"58":{"start":{"line":205,"column":6},"end":{"line":207,"column":68}},"59":{"start":{"line":209,"column":6},"end":{"line":209,"column":18}},"60":{"start":{"line":213,"column":4},"end":{"line":229,"column":5}},"61":{"start":{"line":214,"column":21},"end":{"line":214,"column":31}},"62":{"start":{"line":215,"column":31},"end":{"line":215,"column":39}},"63":{"start":{"line":216,"column":6},"end":{"line":216,"column":15}},"64":{"start":{"line":217,"column":23},"end":{"line":217,"column":64}},"65":{"start":{"line":218,"column":6},"end":{"line":218,"column":72}},"66":{"start":{"line":218,"column":41},"end":{"line":218,"column":72}},"67":{"start":{"line":219,"column":29},"end":{"line":225,"column":7}},"68":{"start":{"line":226,"column":6},"end":{"line":226,"column":79}},"69":{"start":{"line":228,"column":6},"end":{"line":228,"column":18}},"70":{"start":{"line":234,"column":4},"end":{"line":242,"column":5}},"71":{"start":{"line":235,"column":19},"end":{"line":237,"column":8}},"72":{"start":{"line":238,"column":6},"end":{"line":238,"column":65}},"73":{"start":{"line":238,"column":34},"end":{"line":238,"column":65}},"74":{"start":{"line":239,"column":6},"end":{"line":239,"column":33}},"75":{"start":{"line":241,"column":6},"end":{"line":241,"column":18}},"76":{"start":{"line":246,"column":4},"end":{"line":260,"column":5}},"77":{"start":{"line":247,"column":21},"end":{"line":247,"column":31}},"78":{"start":{"line":248,"column":25},"end":{"line":248,"column":33}},"79":{"start":{"line":249,"column":27},"end":{"line":249,"column":64}},"80":{"start":{"line":251,"column":6},"end":{"line":251,"column":56}},"81":{"start":{"line":251,"column":25},"end":{"line":251,"column":56}},"82":{"start":{"line":253,"column":32},"end":{"line":256,"column":7}},"83":{"start":{"line":257,"column":6},"end":{"line":257,"column":70}},"84":{"start":{"line":259,"column":6},"end":{"line":259,"column":18}},"85":{"start":{"line":265,"column":4},"end":{"line":271,"column":5}},"86":{"start":{"line":266,"column":25},"end":{"line":266,"column":35}},"87":{"start":{"line":267,"column":27},"end":{"line":267,"column":75}},"88":{"start":{"line":268,"column":6},"end":{"line":268,"column":41}},"89":{"start":{"line":270,"column":6},"end":{"line":270,"column":18}},"90":{"start":{"line":275,"column":4},"end":{"line":284,"column":5}},"91":{"start":{"line":276,"column":25},"end":{"line":276,"column":35}},"92":{"start":{"line":277,"column":25},"end":{"line":280,"column":8}},"93":{"start":{"line":281,"column":6},"end":{"line":281,"column":39}},"94":{"start":{"line":283,"column":6},"end":{"line":283,"column":18}},"95":{"start":{"line":290,"column":0},"end":{"line":290,"column":28}}},"fnMap":{"0":{"name":"(anonymous_0)","decl":{"start":{"line":6,"column":2},"end":{"line":6,"column":3}},"loc":{"start":{"line":6,"column":40},"end":{"line":27,"column":3}},"line":6},"1":{"name":"(anonymous_1)","decl":{"start":{"line":29,"column":2},"end":{"line":29,"column":3}},"loc":{"start":{"line":29,"column":37},"end":{"line":49,"column":3}},"line":29},"2":{"name":"(anonymous_2)","decl":{"start":{"line":51,"column":2},"end":{"line":51,"column":3}},"loc":{"start":{"line":51,"column":39},"end":{"line":77,"column":3}},"line":51},"3":{"name":"(anonymous_3)","decl":{"start":{"line":79,"column":2},"end":{"line":79,"column":3}},"loc":{"start":{"line":79,"column":43},"end":{"line":110,"column":3}},"line":79},"4":{"name":"(anonymous_4)","decl":{"start":{"line":112,"column":2},"end":{"line":112,"column":3}},"loc":{"start":{"line":112,"column":42},"end":{"line":119,"column":3}},"line":112},"5":{"name":"(anonymous_5)","decl":{"start":{"line":121,"column":2},"end":{"line":121,"column":3}},"loc":{"start":{"line":121,"column":40},"end":{"line":166,"column":3}},"line":121},"6":{"name":"(anonymous_6)","decl":{"start":{"line":168,"column":2},"end":{"line":168,"column":3}},"loc":{"start":{"line":168,"column":42},"end":{"line":176,"column":3}},"line":168},"7":{"name":"(anonymous_7)","decl":{"start":{"line":179,"column":2},"end":{"line":179,"column":3}},"loc":{"start":{"line":179,"column":43},"end":{"line":186,"column":3}},"line":179},"8":{"name":"(anonymous_8)","decl":{"start":{"line":187,"column":2},"end":{"line":187,"column":3}},"loc":{"start":{"line":187,"column":46},"end":{"line":199,"column":3}},"line":187},"9":{"name":"(anonymous_9)","decl":{"start":{"line":200,"column":2},"end":{"line":200,"column":3}},"loc":{"start":{"line":200,"column":46},"end":{"line":211,"column":3}},"line":200},"10":{"name":"(anonymous_10)","decl":{"start":{"line":212,"column":2},"end":{"line":212,"column":3}},"loc":{"start":{"line":212,"column":44},"end":{"line":230,"column":3}},"line":212},"11":{"name":"(anonymous_11)","decl":{"start":{"line":233,"column":2},"end":{"line":233,"column":3}},"loc":{"start":{"line":233,"column":47},"end":{"line":243,"column":3}},"line":233},"12":{"name":"(anonymous_12)","decl":{"start":{"line":245,"column":2},"end":{"line":245,"column":3}},"loc":{"start":{"line":245,"column":44},"end":{"line":261,"column":3}},"line":245},"13":{"name":"(anonymous_13)","decl":{"start":{"line":264,"column":2},"end":{"line":264,"column":3}},"loc":{"start":{"line":264,"column":54},"end":{"line":272,"column":3}},"line":264},"14":{"name":"(anonymous_14)","decl":{"start":{"line":274,"column":2},"end":{"line":274,"column":3}},"loc":{"start":{"line":274,"column":47},"end":{"line":285,"column":3}},"line":274}},"branchMap":{"0":{"loc":{"start":{"line":32,"column":6},"end":{"line":32,"column":52}},"type":"if","locations":[{"start":{"line":32,"column":6},"end":{"line":32,"column":52}},{"start":{},"end":{}}],"line":32},"1":{"loc":{"start":{"line":33,"column":6},"end":{"line":33,"column":58}},"type":"if","locations":[{"start":{"line":33,"column":6},"end":{"line":33,"column":58}},{"start":{},"end":{}}],"line":33},"2":{"loc":{"start":{"line":37,"column":6},"end":{"line":39,"column":7}},"type":"if","locations":[{"start":{"line":37,"column":6},"end":{"line":39,"column":7}},{"start":{},"end":{}}],"line":37},"3":{"loc":{"start":{"line":37,"column":10},"end":{"line":37,"column":60}},"type":"binary-expr","locations":[{"start":{"line":37,"column":10},"end":{"line":37,"column":15}},{"start":{"line":37,"column":19},"end":{"line":37,"column":60}}],"line":37},"4":{"loc":{"start":{"line":140,"column":6},"end":{"line":140,"column":48}},"type":"if","locations":[{"start":{"line":140,"column":6},"end":{"line":140,"column":48}},{"start":{},"end":{}}],"line":140},"5":{"loc":{"start":{"line":218,"column":6},"end":{"line":218,"column":72}},"type":"if","locations":[{"start":{"line":218,"column":6},"end":{"line":218,"column":72}},{"start":{},"end":{}}],"line":218},"6":{"loc":{"start":{"line":218,"column":10},"end":{"line":218,"column":39}},"type":"binary-expr","locations":[{"start":{"line":218,"column":10},"end":{"line":218,"column":19}},{"start":{"line":218,"column":23},"end":{"line":218,"column":39}}],"line":218},"7":{"loc":{"start":{"line":238,"column":6},"end":{"line":238,"column":65}},"type":"if","locations":[{"start":{"line":238,"column":6},"end":{"line":238,"column":65}},{"start":{},"end":{}}],"line":238},"8":{"loc":{"start":{"line":238,"column":10},"end":{"line":238,"column":32}},"type":"binary-expr","locations":[{"start":{"line":238,"column":10},"end":{"line":238,"column":15}},{"start":{"line":238,"column":19},"end":{"line":238,"column":32}}],"line":238},"9":{"loc":{"start":{"line":251,"column":6},"end":{"line":251,"column":56}},"type":"if","locations":[{"start":{"line":251,"column":6},"end":{"line":251,"column":56}},{"start":{},"end":{}}],"line":251}},"s":{"0":2,"1":2,"2":2,"3":10,"4":10,"5":10,"6":1,"7":9,"8":6,"9":6,"10":6,"11":1,"12":5,"13":1,"14":4,"15":4,"16":3,"17":1,"18":5,"19":1,"20":1,"21":1,"22":0,"23":1,"24":1,"25":1,"26":1,"27":0,"28":1,"29":1,"30":1,"31":0,"32":2,"33":2,"34":2,"35":2,"36":2,"37":1,"38":1,"39":1,"40":1,"41":1,"42":1,"43":1,"44":1,"45":0,"46":1,"47":1,"48":1,"49":0,"50":1,"51":1,"52":1,"53":1,"54":0,"55":1,"56":1,"57":1,"58":1,"59":0,"60":2,"61":2,"62":2,"63":2,"64":2,"65":2,"66":1,"67":1,"68":1,"69":1,"70":1,"71":1,"72":1,"73":0,"74":1,"75":0,"76":2,"77":2,"78":2,"79":2,"80":2,"81":1,"82":1,"83":1,"84":1,"85":1,"86":1,"87":1,"88":1,"89":0,"90":1,"91":1,"92":1,"93":1,"94":0,"95":2},"f":{"0":10,"1":6,"2":1,"3":1,"4":1,"5":2,"6":1,"7":1,"8":1,"9":1,"10":2,"11":1,"12":2,"13":1,"14":1},"b":{"0":[1,5],"1":[1,4],"2":[3,1],"3":[4,2],"4":[1,1],"5":[1,1],"6":[2,1],"7":[0,1],"8":[1,1],"9":[1,1]},"_coverageSchema":"1a1c01bbd47fc00a2c39e90264f33305004495a9","hash":"42fd38238f85a9cc75b55440270a38590c5dddd4"}
,"C:\\Users\\Indra\\Desktop\\finalProject\\ngabolang-server\\controllers\\customerController.js": {"path":"C:\\Users\\Indra\\Desktop\\finalProject\\ngabolang-server\\controllers\\customerController.js","statementMap":{"0":{"start":{"line":1,"column":57},"end":{"line":1,"column":77}},"1":{"start":{"line":2,"column":28},"end":{"line":2,"column":56}},"2":{"start":{"line":3,"column":22},"end":{"line":3,"column":47}},"3":{"start":{"line":4,"column":25},"end":{"line":4,"column":55}},"4":{"start":{"line":5,"column":18},"end":{"line":5,"column":36}},"5":{"start":{"line":9,"column":4},"end":{"line":28,"column":5}},"6":{"start":{"line":11,"column":8},"end":{"line":11,"column":16}},"7":{"start":{"line":12,"column":25},"end":{"line":20,"column":8}},"8":{"start":{"line":21,"column":6},"end":{"line":25,"column":9}},"9":{"start":{"line":27,"column":6},"end":{"line":27,"column":18}},"10":{"start":{"line":32,"column":4},"end":{"line":51,"column":5}},"11":{"start":{"line":33,"column":34},"end":{"line":33,"column":42}},"12":{"start":{"line":34,"column":6},"end":{"line":34,"column":52}},"13":{"start":{"line":34,"column":18},"end":{"line":34,"column":52}},"14":{"start":{"line":35,"column":6},"end":{"line":35,"column":58}},"15":{"start":{"line":35,"column":21},"end":{"line":35,"column":58}},"16":{"start":{"line":36,"column":19},"end":{"line":38,"column":8}},"17":{"start":{"line":39,"column":6},"end":{"line":41,"column":7}},"18":{"start":{"line":40,"column":8},"end":{"line":40,"column":47}},"19":{"start":{"line":42,"column":6},"end":{"line":48,"column":9}},"20":{"start":{"line":50,"column":6},"end":{"line":50,"column":18}},"21":{"start":{"line":55,"column":4},"end":{"line":87,"column":5}},"22":{"start":{"line":56,"column":32},"end":{"line":56,"column":63}},"23":{"start":{"line":57,"column":21},"end":{"line":57,"column":67}},"24":{"start":{"line":59,"column":21},"end":{"line":62,"column":8}},"25":{"start":{"line":64,"column":22},"end":{"line":64,"column":41}},"26":{"start":{"line":66,"column":39},"end":{"line":66,"column":46}},"27":{"start":{"line":67,"column":23},"end":{"line":67,"column":44}},"28":{"start":{"line":68,"column":30},"end":{"line":77,"column":8}},"29":{"start":{"line":78,"column":6},"end":{"line":83,"column":9}},"30":{"start":{"line":85,"column":6},"end":{"line":85,"column":23}},"31":{"start":{"line":86,"column":6},"end":{"line":86,"column":16}},"32":{"start":{"line":91,"column":4},"end":{"line":107,"column":5}},"33":{"start":{"line":92,"column":20},"end":{"line":102,"column":8}},"34":{"start":{"line":103,"column":6},"end":{"line":103,"column":60}},"35":{"start":{"line":103,"column":29},"end":{"line":103,"column":60}},"36":{"start":{"line":104,"column":6},"end":{"line":104,"column":34}},"37":{"start":{"line":106,"column":6},"end":{"line":106,"column":18}},"38":{"start":{"line":111,"column":4},"end":{"line":126,"column":5}},"39":{"start":{"line":112,"column":27},"end":{"line":112,"column":37}},"40":{"start":{"line":113,"column":20},"end":{"line":121,"column":8}},"41":{"start":{"line":122,"column":6},"end":{"line":122,"column":60}},"42":{"start":{"line":122,"column":29},"end":{"line":122,"column":60}},"43":{"start":{"line":123,"column":6},"end":{"line":123,"column":34}},"44":{"start":{"line":125,"column":6},"end":{"line":125,"column":18}},"45":{"start":{"line":130,"column":4},"end":{"line":161,"column":5}},"46":{"start":{"line":131,"column":21},"end":{"line":131,"column":31}},"47":{"start":{"line":132,"column":20},"end":{"line":156,"column":8}},"48":{"start":{"line":157,"column":6},"end":{"line":157,"column":60}},"49":{"start":{"line":157,"column":29},"end":{"line":157,"column":60}},"50":{"start":{"line":158,"column":6},"end":{"line":158,"column":34}},"51":{"start":{"line":160,"column":6},"end":{"line":160,"column":18}},"52":{"start":{"line":165,"column":4},"end":{"line":187,"column":5}},"53":{"start":{"line":166,"column":25},"end":{"line":182,"column":8}},"54":{"start":{"line":183,"column":6},"end":{"line":183,"column":65}},"55":{"start":{"line":183,"column":34},"end":{"line":183,"column":65}},"56":{"start":{"line":184,"column":6},"end":{"line":184,"column":39}},"57":{"start":{"line":186,"column":6},"end":{"line":186,"column":18}},"58":{"start":{"line":191,"column":4},"end":{"line":207,"column":5}},"59":{"start":{"line":192,"column":25},"end":{"line":192,"column":35}},"60":{"start":{"line":193,"column":19},"end":{"line":202,"column":8}},"61":{"start":{"line":203,"column":6},"end":{"line":203,"column":59}},"62":{"start":{"line":203,"column":28},"end":{"line":203,"column":59}},"63":{"start":{"line":204,"column":6},"end":{"line":204,"column":33}},"64":{"start":{"line":206,"column":6},"end":{"line":206,"column":18}},"65":{"start":{"line":211,"column":4},"end":{"line":220,"column":5}},"66":{"start":{"line":212,"column":25},"end":{"line":212,"column":35}},"67":{"start":{"line":213,"column":24},"end":{"line":216,"column":8}},"68":{"start":{"line":217,"column":6},"end":{"line":217,"column":38}},"69":{"start":{"line":219,"column":6},"end":{"line":219,"column":18}},"70":{"start":{"line":224,"column":4},"end":{"line":245,"column":5}},"71":{"start":{"line":225,"column":25},"end":{"line":225,"column":35}},"72":{"start":{"line":226,"column":24},"end":{"line":237,"column":8}},"73":{"start":{"line":238,"column":6},"end":{"line":238,"column":53}},"74":{"start":{"line":238,"column":22},"end":{"line":238,"column":53}},"75":{"start":{"line":239,"column":6},"end":{"line":239,"column":37}},"76":{"start":{"line":240,"column":31},"end":{"line":240,"column":53}},"77":{"start":{"line":242,"column":6},"end":{"line":242,"column":45}},"78":{"start":{"line":244,"column":6},"end":{"line":244,"column":18}},"79":{"start":{"line":249,"column":4},"end":{"line":273,"column":5}},"80":{"start":{"line":250,"column":25},"end":{"line":250,"column":35}},"81":{"start":{"line":251,"column":33},"end":{"line":251,"column":41}},"82":{"start":{"line":252,"column":24},"end":{"line":263,"column":8}},"83":{"start":{"line":264,"column":6},"end":{"line":264,"column":53}},"84":{"start":{"line":264,"column":22},"end":{"line":264,"column":53}},"85":{"start":{"line":265,"column":6},"end":{"line":268,"column":9}},"86":{"start":{"line":269,"column":31},"end":{"line":269,"column":53}},"87":{"start":{"line":270,"column":6},"end":{"line":270,"column":45}},"88":{"start":{"line":272,"column":6},"end":{"line":272,"column":18}},"89":{"start":{"line":277,"column":4},"end":{"line":290,"column":5}},"90":{"start":{"line":278,"column":25},"end":{"line":286,"column":8}},"91":{"start":{"line":287,"column":6},"end":{"line":287,"column":39}},"92":{"start":{"line":289,"column":6},"end":{"line":289,"column":18}},"93":{"start":{"line":294,"column":4},"end":{"line":301,"column":5}},"94":{"start":{"line":295,"column":25},"end":{"line":297,"column":8}},"95":{"start":{"line":298,"column":6},"end":{"line":298,"column":39}},"96":{"start":{"line":300,"column":6},"end":{"line":300,"column":18}},"97":{"start":{"line":305,"column":0},"end":{"line":305,"column":28}}},"fnMap":{"0":{"name":"(anonymous_0)","decl":{"start":{"line":8,"column":2},"end":{"line":8,"column":3}},"loc":{"start":{"line":8,"column":40},"end":{"line":29,"column":3}},"line":8},"1":{"name":"(anonymous_1)","decl":{"start":{"line":31,"column":2},"end":{"line":31,"column":3}},"loc":{"start":{"line":31,"column":37},"end":{"line":52,"column":3}},"line":31},"2":{"name":"(anonymous_2)","decl":{"start":{"line":54,"column":2},"end":{"line":54,"column":3}},"loc":{"start":{"line":54,"column":44},"end":{"line":88,"column":3}},"line":54},"3":{"name":"(anonymous_3)","decl":{"start":{"line":90,"column":2},"end":{"line":90,"column":3}},"loc":{"start":{"line":90,"column":40},"end":{"line":108,"column":3}},"line":90},"4":{"name":"(anonymous_4)","decl":{"start":{"line":110,"column":2},"end":{"line":110,"column":3}},"loc":{"start":{"line":110,"column":50},"end":{"line":127,"column":3}},"line":110},"5":{"name":"(anonymous_5)","decl":{"start":{"line":129,"column":2},"end":{"line":129,"column":3}},"loc":{"start":{"line":129,"column":44},"end":{"line":162,"column":3}},"line":129},"6":{"name":"(anonymous_6)","decl":{"start":{"line":164,"column":2},"end":{"line":164,"column":3}},"loc":{"start":{"line":164,"column":41},"end":{"line":188,"column":3}},"line":164},"7":{"name":"(anonymous_7)","decl":{"start":{"line":190,"column":2},"end":{"line":190,"column":3}},"loc":{"start":{"line":190,"column":47},"end":{"line":208,"column":3}},"line":190},"8":{"name":"(anonymous_8)","decl":{"start":{"line":210,"column":2},"end":{"line":210,"column":3}},"loc":{"start":{"line":210,"column":47},"end":{"line":221,"column":3}},"line":210},"9":{"name":"(anonymous_9)","decl":{"start":{"line":223,"column":2},"end":{"line":223,"column":3}},"loc":{"start":{"line":223,"column":39},"end":{"line":246,"column":3}},"line":223},"10":{"name":"(anonymous_10)","decl":{"start":{"line":248,"column":2},"end":{"line":248,"column":3}},"loc":{"start":{"line":248,"column":38},"end":{"line":274,"column":3}},"line":248},"11":{"name":"(anonymous_11)","decl":{"start":{"line":276,"column":2},"end":{"line":276,"column":3}},"loc":{"start":{"line":276,"column":48},"end":{"line":291,"column":3}},"line":276},"12":{"name":"(anonymous_12)","decl":{"start":{"line":293,"column":2},"end":{"line":293,"column":3}},"loc":{"start":{"line":293,"column":48},"end":{"line":302,"column":3}},"line":293}},"branchMap":{"0":{"loc":{"start":{"line":34,"column":6},"end":{"line":34,"column":52}},"type":"if","locations":[{"start":{"line":34,"column":6},"end":{"line":34,"column":52}},{"start":{},"end":{}}],"line":34},"1":{"loc":{"start":{"line":35,"column":6},"end":{"line":35,"column":58}},"type":"if","locations":[{"start":{"line":35,"column":6},"end":{"line":35,"column":58}},{"start":{},"end":{}}],"line":35},"2":{"loc":{"start":{"line":39,"column":6},"end":{"line":41,"column":7}},"type":"if","locations":[{"start":{"line":39,"column":6},"end":{"line":41,"column":7}},{"start":{},"end":{}}],"line":39},"3":{"loc":{"start":{"line":39,"column":10},"end":{"line":39,"column":60}},"type":"binary-expr","locations":[{"start":{"line":39,"column":10},"end":{"line":39,"column":15}},{"start":{"line":39,"column":19},"end":{"line":39,"column":60}}],"line":39},"4":{"loc":{"start":{"line":78,"column":17},"end":{"line":78,"column":36}},"type":"cond-expr","locations":[{"start":{"line":78,"column":27},"end":{"line":78,"column":30}},{"start":{"line":78,"column":33},"end":{"line":78,"column":36}}],"line":78},"5":{"loc":{"start":{"line":103,"column":6},"end":{"line":103,"column":60}},"type":"if","locations":[{"start":{"line":103,"column":6},"end":{"line":103,"column":60}},{"start":{},"end":{}}],"line":103},"6":{"loc":{"start":{"line":122,"column":6},"end":{"line":122,"column":60}},"type":"if","locations":[{"start":{"line":122,"column":6},"end":{"line":122,"column":60}},{"start":{},"end":{}}],"line":122},"7":{"loc":{"start":{"line":157,"column":6},"end":{"line":157,"column":60}},"type":"if","locations":[{"start":{"line":157,"column":6},"end":{"line":157,"column":60}},{"start":{},"end":{}}],"line":157},"8":{"loc":{"start":{"line":183,"column":6},"end":{"line":183,"column":65}},"type":"if","locations":[{"start":{"line":183,"column":6},"end":{"line":183,"column":65}},{"start":{},"end":{}}],"line":183},"9":{"loc":{"start":{"line":203,"column":6},"end":{"line":203,"column":59}},"type":"if","locations":[{"start":{"line":203,"column":6},"end":{"line":203,"column":59}},{"start":{},"end":{}}],"line":203},"10":{"loc":{"start":{"line":238,"column":6},"end":{"line":238,"column":53}},"type":"if","locations":[{"start":{"line":238,"column":6},"end":{"line":238,"column":53}},{"start":{},"end":{}}],"line":238},"11":{"loc":{"start":{"line":264,"column":6},"end":{"line":264,"column":53}},"type":"if","locations":[{"start":{"line":264,"column":6},"end":{"line":264,"column":53}},{"start":{},"end":{}}],"line":264}},"s":{"0":2,"1":2,"2":2,"3":2,"4":2,"5":10,"6":10,"7":10,"8":1,"9":9,"10":5,"11":5,"12":5,"13":1,"14":4,"15":1,"16":3,"17":3,"18":2,"19":1,"20":4,"21":1,"22":1,"23":1,"24":1,"25":0,"26":0,"27":0,"28":0,"29":0,"30":1,"31":1,"32":1,"33":1,"34":1,"35":0,"36":1,"37":0,"38":2,"39":2,"40":2,"41":2,"42":1,"43":1,"44":1,"45":2,"46":2,"47":2,"48":2,"49":1,"50":1,"51":1,"52":1,"53":1,"54":1,"55":0,"56":1,"57":0,"58":2,"59":2,"60":2,"61":2,"62":1,"63":1,"64":1,"65":2,"66":2,"67":2,"68":1,"69":1,"70":2,"71":2,"72":2,"73":2,"74":1,"75":1,"76":1,"77":1,"78":1,"79":1,"80":1,"81":1,"82":1,"83":1,"84":0,"85":1,"86":1,"87":1,"88":0,"89":2,"90":2,"91":1,"92":1,"93":2,"94":2,"95":1,"96":1,"97":2},"f":{"0":10,"1":5,"2":1,"3":1,"4":2,"5":2,"6":1,"7":2,"8":2,"9":2,"10":1,"11":2,"12":2},"b":{"0":[1,4],"1":[1,3],"2":[2,1],"3":[3,2],"4":[0,0],"5":[0,1],"6":[1,1],"7":[1,1],"8":[0,1],"9":[1,1],"10":[1,1],"11":[0,1]},"_coverageSchema":"1a1c01bbd47fc00a2c39e90264f33305004495a9","hash":"91f596af45f8dcadc23cbc0785d6aec872c96a72"}
,"C:\\Users\\Indra\\Desktop\\finalProject\\ngabolang-server\\helpers\\bcrypt.js": {"path":"C:\\Users\\Indra\\Desktop\\finalProject\\ngabolang-server\\helpers\\bcrypt.js","statementMap":{"0":{"start":{"line":1,"column":15},"end":{"line":1,"column":34}},"1":{"start":{"line":3,"column":0},"end":{"line":7,"column":2}},"2":{"start":{"line":4,"column":30},"end":{"line":4,"column":59}},"3":{"start":{"line":6,"column":4},"end":{"line":6,"column":48}}},"fnMap":{"0":{"name":"(anonymous_0)","decl":{"start":{"line":4,"column":16},"end":{"line":4,"column":17}},"loc":{"start":{"line":4,"column":30},"end":{"line":4,"column":59}},"line":4},"1":{"name":"(anonymous_1)","decl":{"start":{"line":5,"column":19},"end":{"line":5,"column":20}},"loc":{"start":{"line":6,"column":4},"end":{"line":6,"column":48}},"line":6}},"branchMap":{},"s":{"0":2,"1":2,"2":12,"3":4},"f":{"0":12,"1":4},"b":{},"_coverageSchema":"1a1c01bbd47fc00a2c39e90264f33305004495a9","hash":"9126a089e7ef554cf123533de57a3a0ef4270947"}
,"C:\\Users\\Indra\\Desktop\\finalProject\\ngabolang-server\\helpers\\jwt.js": {"path":"C:\\Users\\Indra\\Desktop\\finalProject\\ngabolang-server\\helpers\\jwt.js","statementMap":{"0":{"start":{"line":1,"column":12},"end":{"line":1,"column":35}},"1":{"start":{"line":2,"column":18},"end":{"line":2,"column":25}},"2":{"start":{"line":5,"column":0},"end":{"line":8,"column":2}},"3":{"start":{"line":6,"column":26},"end":{"line":6,"column":54}},"4":{"start":{"line":7,"column":26},"end":{"line":7,"column":54}}},"fnMap":{"0":{"name":"(anonymous_0)","decl":{"start":{"line":6,"column":13},"end":{"line":6,"column":14}},"loc":{"start":{"line":6,"column":26},"end":{"line":6,"column":54}},"line":6},"1":{"name":"(anonymous_1)","decl":{"start":{"line":7,"column":15},"end":{"line":7,"column":16}},"loc":{"start":{"line":7,"column":26},"end":{"line":7,"column":54}},"line":7}},"branchMap":{},"s":{"0":2,"1":2,"2":2,"3":2,"4":52},"f":{"0":2,"1":52},"b":{},"_coverageSchema":"1a1c01bbd47fc00a2c39e90264f33305004495a9","hash":"c9c9fb6d1eeca8445f180a16ec827c063fc04609"}
,"C:\\Users\\Indra\\Desktop\\finalProject\\ngabolang-server\\middlewares\\authentication.js": {"path":"C:\\Users\\Indra\\Desktop\\finalProject\\ngabolang-server\\middlewares\\authentication.js","statementMap":{"0":{"start":{"line":1,"column":17},"end":{"line":1,"column":37}},"1":{"start":{"line":2,"column":24},"end":{"line":2,"column":49}},"2":{"start":{"line":5,"column":2},"end":{"line":16,"column":3}},"3":{"start":{"line":7,"column":27},"end":{"line":7,"column":38}},"4":{"start":{"line":8,"column":4},"end":{"line":8,"column":57}},"5":{"start":{"line":8,"column":23},"end":{"line":8,"column":57}},"6":{"start":{"line":9,"column":18},"end":{"line":9,"column":43}},"7":{"start":{"line":10,"column":15},"end":{"line":10,"column":46}},"8":{"start":{"line":11,"column":4},"end":{"line":11,"column":49}},"9":{"start":{"line":11,"column":15},"end":{"line":11,"column":49}},"10":{"start":{"line":12,"column":4},"end":{"line":12,"column":50}},"11":{"start":{"line":13,"column":4},"end":{"line":13,"column":11}},"12":{"start":{"line":15,"column":4},"end":{"line":15,"column":16}},"13":{"start":{"line":19,"column":0},"end":{"line":19,"column":32}}},"fnMap":{"0":{"name":"authentication","decl":{"start":{"line":4,"column":15},"end":{"line":4,"column":29}},"loc":{"start":{"line":4,"column":46},"end":{"line":17,"column":1}},"line":4}},"branchMap":{"0":{"loc":{"start":{"line":8,"column":4},"end":{"line":8,"column":57}},"type":"if","locations":[{"start":{"line":8,"column":4},"end":{"line":8,"column":57}},{"start":{},"end":{}}],"line":8},"1":{"loc":{"start":{"line":11,"column":4},"end":{"line":11,"column":49}},"type":"if","locations":[{"start":{"line":11,"column":4},"end":{"line":11,"column":49}},{"start":{},"end":{}}],"line":11}},"s":{"0":2,"1":2,"2":53,"3":53,"4":53,"5":1,"6":52,"7":35,"8":35,"9":0,"10":35,"11":35,"12":18,"13":2},"f":{"0":53},"b":{"0":[1,52],"1":[0,35]},"_coverageSchema":"1a1c01bbd47fc00a2c39e90264f33305004495a9","hash":"a80c5fdebd42ec20c7a5f3d6e5d219842e5a0acc"}
,"C:\\Users\\Indra\\Desktop\\finalProject\\ngabolang-server\\middlewares\\authorization.js": {"path":"C:\\Users\\Indra\\Desktop\\finalProject\\ngabolang-server\\middlewares\\authorization.js","statementMap":{"0":{"start":{"line":1,"column":28},"end":{"line":1,"column":48}},"1":{"start":{"line":4,"column":2},"end":{"line":31,"column":3}},"2":{"start":{"line":5,"column":19},"end":{"line":5,"column":36}},"3":{"start":{"line":6,"column":22},"end":{"line":17,"column":6}},"4":{"start":{"line":19,"column":4},"end":{"line":23,"column":5}},"5":{"start":{"line":20,"column":6},"end":{"line":22,"column":8}},"6":{"start":{"line":25,"column":4},"end":{"line":27,"column":5}},"7":{"start":{"line":26,"column":6},"end":{"line":26,"column":34}},"8":{"start":{"line":28,"column":4},"end":{"line":28,"column":11}},"9":{"start":{"line":30,"column":4},"end":{"line":30,"column":16}},"10":{"start":{"line":34,"column":0},"end":{"line":34,"column":31}}},"fnMap":{"0":{"name":"authorization","decl":{"start":{"line":3,"column":15},"end":{"line":3,"column":28}},"loc":{"start":{"line":3,"column":45},"end":{"line":32,"column":1}},"line":3}},"branchMap":{"0":{"loc":{"start":{"line":19,"column":4},"end":{"line":23,"column":5}},"type":"if","locations":[{"start":{"line":19,"column":4},"end":{"line":23,"column":5}},{"start":{},"end":{}}],"line":19},"1":{"loc":{"start":{"line":25,"column":4},"end":{"line":27,"column":5}},"type":"if","locations":[{"start":{"line":25,"column":4},"end":{"line":27,"column":5}},{"start":{},"end":{}}],"line":25}},"s":{"0":2,"1":4,"2":4,"3":4,"4":3,"5":1,"6":2,"7":1,"8":1,"9":3,"10":2},"f":{"0":4},"b":{"0":[1,2],"1":[1,1]},"_coverageSchema":"1a1c01bbd47fc00a2c39e90264f33305004495a9","hash":"b3b08a20bde804ee399606c503d8c92166ebac31"}
,"C:\\Users\\Indra\\Desktop\\finalProject\\ngabolang-server\\middlewares\\errorHandler.js": {"path":"C:\\Users\\Indra\\Desktop\\finalProject\\ngabolang-server\\middlewares\\errorHandler.js","statementMap":{"0":{"start":{"line":1,"column":0},"end":{"line":45,"column":2}},"1":{"start":{"line":5,"column":2},"end":{"line":43,"column":3}},"2":{"start":{"line":7,"column":6},"end":{"line":7,"column":19}},"3":{"start":{"line":8,"column":6},"end":{"line":8,"column":36}},"4":{"start":{"line":9,"column":6},"end":{"line":9,"column":12}},"5":{"start":{"line":11,"column":6},"end":{"line":11,"column":19}},"6":{"start":{"line":12,"column":6},"end":{"line":12,"column":39}},"7":{"start":{"line":13,"column":6},"end":{"line":13,"column":12}},"8":{"start":{"line":15,"column":6},"end":{"line":15,"column":19}},"9":{"start":{"line":16,"column":6},"end":{"line":16,"column":40}},"10":{"start":{"line":17,"column":6},"end":{"line":17,"column":12}},"11":{"start":{"line":19,"column":6},"end":{"line":19,"column":19}},"12":{"start":{"line":20,"column":6},"end":{"line":20,"column":47}},"13":{"start":{"line":21,"column":6},"end":{"line":21,"column":12}},"14":{"start":{"line":24,"column":6},"end":{"line":24,"column":19}},"15":{"start":{"line":25,"column":6},"end":{"line":25,"column":34}},"16":{"start":{"line":26,"column":6},"end":{"line":26,"column":12}},"17":{"start":{"line":28,"column":6},"end":{"line":28,"column":19}},"18":{"start":{"line":29,"column":6},"end":{"line":29,"column":41}},"19":{"start":{"line":30,"column":6},"end":{"line":30,"column":12}},"20":{"start":{"line":32,"column":6},"end":{"line":32,"column":19}},"21":{"start":{"line":33,"column":6},"end":{"line":33,"column":33}},"22":{"start":{"line":34,"column":6},"end":{"line":34,"column":12}},"23":{"start":{"line":36,"column":6},"end":{"line":36,"column":19}},"24":{"start":{"line":37,"column":6},"end":{"line":37,"column":40}},"25":{"start":{"line":38,"column":6},"end":{"line":38,"column":12}},"26":{"start":{"line":40,"column":6},"end":{"line":40,"column":19}},"27":{"start":{"line":41,"column":6},"end":{"line":41,"column":40}},"28":{"start":{"line":42,"column":6},"end":{"line":42,"column":12}},"29":{"start":{"line":44,"column":2},"end":{"line":44,"column":39}}},"fnMap":{"0":{"name":"(anonymous_0)","decl":{"start":{"line":1,"column":17},"end":{"line":1,"column":18}},"loc":{"start":{"line":1,"column":44},"end":{"line":45,"column":1}},"line":1}},"branchMap":{"0":{"loc":{"start":{"line":5,"column":2},"end":{"line":43,"column":3}},"type":"switch","locations":[{"start":{"line":6,"column":4},"end":{"line":9,"column":12}},{"start":{"line":10,"column":4},"end":{"line":13,"column":12}},{"start":{"line":14,"column":4},"end":{"line":17,"column":12}},{"start":{"line":18,"column":4},"end":{"line":21,"column":12}},{"start":{"line":22,"column":4},"end":{"line":22,"column":27}},{"start":{"line":23,"column":4},"end":{"line":26,"column":12}},{"start":{"line":27,"column":4},"end":{"line":30,"column":12}},{"start":{"line":31,"column":4},"end":{"line":34,"column":12}},{"start":{"line":35,"column":4},"end":{"line":38,"column":12}},{"start":{"line":39,"column":4},"end":{"line":42,"column":12}}],"line":5}},"s":{"0":2,"1":59,"2":2,"3":2,"4":2,"5":2,"6":2,"7":2,"8":16,"9":16,"10":16,"11":5,"12":5,"13":5,"14":18,"15":18,"16":18,"17":1,"18":1,"19":1,"20":8,"21":8,"22":8,"23":2,"24":2,"25":2,"26":5,"27":5,"28":5,"29":59},"f":{"0":59},"b":{"0":[2,2,16,5,1,18,1,8,2,5]},"_coverageSchema":"1a1c01bbd47fc00a2c39e90264f33305004495a9","hash":"3298b957d68371cb63d83caaaa5a56a2de0146f4"}
,"C:\\Users\\Indra\\Desktop\\finalProject\\ngabolang-server\\models\\category.js": {"path":"C:\\Users\\Indra\\Desktop\\finalProject\\ngabolang-server\\models\\category.js","statementMap":{"0":{"start":{"line":2,"column":18},"end":{"line":2,"column":38}},"1":{"start":{"line":3,"column":0},"end":{"line":26,"column":2}},"2":{"start":{"line":12,"column":6},"end":{"line":12,"column":66}},"3":{"start":{"line":15,"column":2},"end":{"line":24,"column":4}},"4":{"start":{"line":25,"column":2},"end":{"line":25,"column":18}}},"fnMap":{"0":{"name":"(anonymous_0)","decl":{"start":{"line":3,"column":17},"end":{"line":3,"column":18}},"loc":{"start":{"line":3,"column":43},"end":{"line":26,"column":1}},"line":3},"1":{"name":"(anonymous_1)","decl":{"start":{"line":10,"column":4},"end":{"line":10,"column":5}},"loc":{"start":{"line":10,"column":29},"end":{"line":13,"column":5}},"line":10}},"branchMap":{},"s":{"0":2,"1":2,"2":2,"3":2,"4":2},"f":{"0":2,"1":2},"b":{},"_coverageSchema":"1a1c01bbd47fc00a2c39e90264f33305004495a9","hash":"133261a2ba3400557075af591ab75ffc84710cb0"}
,"C:\\Users\\Indra\\Desktop\\finalProject\\ngabolang-server\\models\\destination.js": {"path":"C:\\Users\\Indra\\Desktop\\finalProject\\ngabolang-server\\models\\destination.js","statementMap":{"0":{"start":{"line":2,"column":18},"end":{"line":2,"column":38}},"1":{"start":{"line":3,"column":0},"end":{"line":33,"column":2}},"2":{"start":{"line":12,"column":6},"end":{"line":12,"column":67}},"3":{"start":{"line":15,"column":2},"end":{"line":31,"column":4}},"4":{"start":{"line":32,"column":2},"end":{"line":32,"column":21}}},"fnMap":{"0":{"name":"(anonymous_0)","decl":{"start":{"line":3,"column":17},"end":{"line":3,"column":18}},"loc":{"start":{"line":3,"column":43},"end":{"line":33,"column":1}},"line":3},"1":{"name":"(anonymous_1)","decl":{"start":{"line":10,"column":4},"end":{"line":10,"column":5}},"loc":{"start":{"line":10,"column":29},"end":{"line":13,"column":5}},"line":10}},"branchMap":{},"s":{"0":2,"1":2,"2":2,"3":2,"4":2},"f":{"0":2,"1":2},"b":{},"_coverageSchema":"1a1c01bbd47fc00a2c39e90264f33305004495a9","hash":"add617c74fd8b11cd909293dd3c5f50dab157708"}
,"C:\\Users\\Indra\\Desktop\\finalProject\\ngabolang-server\\models\\index.js": {"path":"C:\\Users\\Indra\\Desktop\\finalProject\\ngabolang-server\\models\\index.js","statementMap":{"0":{"start":{"line":3,"column":11},"end":{"line":3,"column":24}},"1":{"start":{"line":4,"column":13},"end":{"line":4,"column":28}},"2":{"start":{"line":5,"column":18},"end":{"line":5,"column":38}},"3":{"start":{"line":6,"column":16},"end":{"line":6,"column":34}},"4":{"start":{"line":7,"column":17},"end":{"line":7,"column":42}},"5":{"start":{"line":8,"column":12},"end":{"line":8,"column":49}},"6":{"start":{"line":9,"column":15},"end":{"line":9,"column":65}},"7":{"start":{"line":10,"column":11},"end":{"line":10,"column":13}},"8":{"start":{"line":13,"column":0},"end":{"line":22,"column":1}},"9":{"start":{"line":14,"column":2},"end":{"line":14,"column":74}},"10":{"start":{"line":16,"column":2},"end":{"line":21,"column":4}},"11":{"start":{"line":24,"column":0},"end":{"line":39,"column":5}},"12":{"start":{"line":26,"column":4},"end":{"line":31,"column":6}},"13":{"start":{"line":34,"column":18},"end":{"line":37,"column":5}},"14":{"start":{"line":38,"column":4},"end":{"line":38,"column":27}},"15":{"start":{"line":41,"column":0},"end":{"line":45,"column":3}},"16":{"start":{"line":42,"column":2},"end":{"line":44,"column":3}},"17":{"start":{"line":43,"column":4},"end":{"line":43,"column":32}},"18":{"start":{"line":47,"column":0},"end":{"line":47,"column":25}},"19":{"start":{"line":48,"column":0},"end":{"line":48,"column":25}},"20":{"start":{"line":50,"column":0},"end":{"line":50,"column":20}}},"fnMap":{"0":{"name":"(anonymous_0)","decl":{"start":{"line":25,"column":10},"end":{"line":25,"column":11}},"loc":{"start":{"line":25,"column":20},"end":{"line":32,"column":3}},"line":25},"1":{"name":"(anonymous_1)","decl":{"start":{"line":33,"column":11},"end":{"line":33,"column":12}},"loc":{"start":{"line":33,"column":21},"end":{"line":39,"column":3}},"line":33},"2":{"name":"(anonymous_2)","decl":{"start":{"line":41,"column":24},"end":{"line":41,"column":25}},"loc":{"start":{"line":41,"column":39},"end":{"line":45,"column":1}},"line":41}},"branchMap":{"0":{"loc":{"start":{"line":8,"column":12},"end":{"line":8,"column":49}},"type":"binary-expr","locations":[{"start":{"line":8,"column":12},"end":{"line":8,"column":32}},{"start":{"line":8,"column":36},"end":{"line":8,"column":49}}],"line":8},"1":{"loc":{"start":{"line":13,"column":0},"end":{"line":22,"column":1}},"type":"if","locations":[{"start":{"line":13,"column":0},"end":{"line":22,"column":1}},{"start":{"line":15,"column":7},"end":{"line":22,"column":1}}],"line":13},"2":{"loc":{"start":{"line":27,"column":6},"end":{"line":30,"column":37}},"type":"binary-expr","locations":[{"start":{"line":27,"column":6},"end":{"line":27,"column":29}},{"start":{"line":28,"column":6},"end":{"line":28,"column":23}},{"start":{"line":29,"column":6},"end":{"line":29,"column":30}},{"start":{"line":30,"column":6},"end":{"line":30,"column":37}}],"line":27},"3":{"loc":{"start":{"line":42,"column":2},"end":{"line":44,"column":3}},"type":"if","locations":[{"start":{"line":42,"column":2},"end":{"line":44,"column":3}},{"start":{},"end":{}}],"line":42}},"s":{"0":2,"1":2,"2":2,"3":2,"4":2,"5":2,"6":2,"7":2,"8":2,"9":0,"10":2,"11":2,"12":12,"13":10,"14":10,"15":2,"16":10,"17":10,"18":2,"19":2,"20":2},"f":{"0":12,"1":10,"2":10},"b":{"0":[2,0],"1":[0,2],"2":[12,12,10,10],"3":[10,0]},"_coverageSchema":"1a1c01bbd47fc00a2c39e90264f33305004495a9","hash":"c6a6c71aae7d40a6a33e9b25a1d2c0c05f2e3ea4"}
,"C:\\Users\\Indra\\Desktop\\finalProject\\ngabolang-server\\models\\trip.js": {"path":"C:\\Users\\Indra\\Desktop\\finalProject\\ngabolang-server\\models\\trip.js","statementMap":{"0":{"start":{"line":2,"column":18},"end":{"line":2,"column":38}},"1":{"start":{"line":3,"column":0},"end":{"line":90,"column":2}},"2":{"start":{"line":12,"column":6},"end":{"line":12,"column":61}},"3":{"start":{"line":13,"column":6},"end":{"line":13,"column":68}},"4":{"start":{"line":14,"column":6},"end":{"line":14,"column":65}},"5":{"start":{"line":15,"column":6},"end":{"line":15,"column":63}},"6":{"start":{"line":18,"column":16},"end":{"line":18,"column":45}},"7":{"start":{"line":19,"column":6},"end":{"line":61,"column":7}},"8":{"start":{"line":20,"column":28},"end":{"line":20,"column":56}},"9":{"start":{"line":21,"column":21},"end":{"line":39,"column":9}},"10":{"start":{"line":41,"column":29},"end":{"line":53,"column":10}},"11":{"start":{"line":42,"column":22},"end":{"line":51,"column":11}},"12":{"start":{"line":52,"column":10},"end":{"line":52,"column":21}},"13":{"start":{"line":54,"column":28},"end":{"line":56,"column":10}},"14":{"start":{"line":57,"column":8},"end":{"line":57,"column":25}},"15":{"start":{"line":59,"column":8},"end":{"line":59,"column":27}},"16":{"start":{"line":60,"column":8},"end":{"line":60,"column":27}},"17":{"start":{"line":64,"column":2},"end":{"line":85,"column":4}},"18":{"start":{"line":86,"column":2},"end":{"line":88,"column":5}},"19":{"start":{"line":87,"column":4},"end":{"line":87,"column":65}},"20":{"start":{"line":89,"column":2},"end":{"line":89,"column":14}}},"fnMap":{"0":{"name":"(anonymous_0)","decl":{"start":{"line":3,"column":17},"end":{"line":3,"column":18}},"loc":{"start":{"line":3,"column":43},"end":{"line":90,"column":1}},"line":3},"1":{"name":"(anonymous_1)","decl":{"start":{"line":10,"column":4},"end":{"line":10,"column":5}},"loc":{"start":{"line":10,"column":29},"end":{"line":16,"column":5}},"line":10},"2":{"name":"(anonymous_2)","decl":{"start":{"line":17,"column":4},"end":{"line":17,"column":5}},"loc":{"start":{"line":17,"column":44},"end":{"line":62,"column":5}},"line":17},"3":{"name":"(anonymous_3)","decl":{"start":{"line":41,"column":51},"end":{"line":41,"column":52}},"loc":{"start":{"line":41,"column":68},"end":{"line":53,"column":9}},"line":41},"4":{"name":"(anonymous_4)","decl":{"start":{"line":86,"column":20},"end":{"line":86,"column":21}},"loc":{"start":{"line":86,"column":39},"end":{"line":88,"column":3}},"line":86}},"branchMap":{},"s":{"0":2,"1":2,"2":2,"3":2,"4":2,"5":2,"6":1,"7":1,"8":1,"9":1,"10":1,"11":3,"12":3,"13":1,"14":1,"15":0,"16":0,"17":2,"18":2,"19":1,"20":2},"f":{"0":2,"1":2,"2":1,"3":3,"4":1},"b":{},"_coverageSchema":"1a1c01bbd47fc00a2c39e90264f33305004495a9","hash":"e096bbda082369139ed35c4a8706424d9e678404"}
,"C:\\Users\\Indra\\Desktop\\finalProject\\ngabolang-server\\models\\tripgroup.js": {"path":"C:\\Users\\Indra\\Desktop\\finalProject\\ngabolang-server\\models\\tripgroup.js","statementMap":{"0":{"start":{"line":2,"column":18},"end":{"line":2,"column":38}},"1":{"start":{"line":3,"column":0},"end":{"line":30,"column":2}},"2":{"start":{"line":12,"column":6},"end":{"line":12,"column":65}},"3":{"start":{"line":13,"column":6},"end":{"line":13,"column":69}},"4":{"start":{"line":16,"column":2},"end":{"line":28,"column":4}},"5":{"start":{"line":29,"column":2},"end":{"line":29,"column":19}}},"fnMap":{"0":{"name":"(anonymous_0)","decl":{"start":{"line":3,"column":17},"end":{"line":3,"column":18}},"loc":{"start":{"line":3,"column":43},"end":{"line":30,"column":1}},"line":3},"1":{"name":"(anonymous_1)","decl":{"start":{"line":10,"column":4},"end":{"line":10,"column":5}},"loc":{"start":{"line":10,"column":29},"end":{"line":14,"column":5}},"line":10}},"branchMap":{},"s":{"0":2,"1":2,"2":2,"3":2,"4":2,"5":2},"f":{"0":2,"1":2},"b":{},"_coverageSchema":"1a1c01bbd47fc00a2c39e90264f33305004495a9","hash":"f1382a470f8ee321b89d432ea61e44d7605d72af"}
,"C:\\Users\\Indra\\Desktop\\finalProject\\ngabolang-server\\models\\user.js": {"path":"C:\\Users\\Indra\\Desktop\\finalProject\\ngabolang-server\\models\\user.js","statementMap":{"0":{"start":{"line":2,"column":18},"end":{"line":2,"column":38}},"1":{"start":{"line":3,"column":25},"end":{"line":3,"column":53}},"2":{"start":{"line":5,"column":0},"end":{"line":62,"column":2}},"3":{"start":{"line":9,"column":6},"end":{"line":9,"column":67}},"4":{"start":{"line":10,"column":6},"end":{"line":10,"column":59}},"5":{"start":{"line":13,"column":2},"end":{"line":57,"column":4}},"6":{"start":{"line":42,"column":12},"end":{"line":44,"column":13}},"7":{"start":{"line":43,"column":14},"end":{"line":43,"column":77}},"8":{"start":{"line":58,"column":2},"end":{"line":60,"column":5}},"9":{"start":{"line":59,"column":4},"end":{"line":59,"column":56}},"10":{"start":{"line":61,"column":2},"end":{"line":61,"column":14}}},"fnMap":{"0":{"name":"(anonymous_0)","decl":{"start":{"line":5,"column":17},"end":{"line":5,"column":18}},"loc":{"start":{"line":5,"column":43},"end":{"line":62,"column":1}},"line":5},"1":{"name":"(anonymous_1)","decl":{"start":{"line":7,"column":4},"end":{"line":7,"column":5}},"loc":{"start":{"line":7,"column":29},"end":{"line":11,"column":5}},"line":7},"2":{"name":"(anonymous_2)","decl":{"start":{"line":41,"column":10},"end":{"line":41,"column":11}},"loc":{"start":{"line":41,"column":33},"end":{"line":45,"column":11}},"line":41},"3":{"name":"(anonymous_3)","decl":{"start":{"line":58,"column":20},"end":{"line":58,"column":21}},"loc":{"start":{"line":58,"column":34},"end":{"line":60,"column":3}},"line":58}},"branchMap":{"0":{"loc":{"start":{"line":42,"column":12},"end":{"line":44,"column":13}},"type":"if","locations":[{"start":{"line":42,"column":12},"end":{"line":44,"column":13}},{"start":{},"end":{}}],"line":42},"1":{"loc":{"start":{"line":42,"column":16},"end":{"line":42,"column":41}},"type":"binary-expr","locations":[{"start":{"line":42,"column":16},"end":{"line":42,"column":21}},{"start":{"line":42,"column":25},"end":{"line":42,"column":41}}],"line":42}},"s":{"0":2,"1":2,"2":2,"3":2,"4":2,"5":2,"6":18,"7":2,"8":2,"9":4,"10":2},"f":{"0":2,"1":2,"2":18,"3":4},"b":{"0":[2,16],"1":[18,16]},"_coverageSchema":"1a1c01bbd47fc00a2c39e90264f33305004495a9","hash":"f9ff153502870fe3dab56fdff25c5bee9c0f1c1f"}
,"C:\\Users\\Indra\\Desktop\\finalProject\\ngabolang-server\\routers\\clientAdmin.js": {"path":"C:\\Users\\Indra\\Desktop\\finalProject\\ngabolang-server\\routers\\clientAdmin.js","statementMap":{"0":{"start":{"line":1,"column":15},"end":{"line":1,"column":42}},"1":{"start":{"line":2,"column":19},"end":{"line":2,"column":60}},"2":{"start":{"line":3,"column":23},"end":{"line":3,"column":63}},"3":{"start":{"line":5,"column":0},"end":{"line":5,"column":40}},"4":{"start":{"line":6,"column":0},"end":{"line":6,"column":62}},"5":{"start":{"line":9,"column":0},"end":{"line":9,"column":56}},"6":{"start":{"line":10,"column":0},"end":{"line":10,"column":60}},"7":{"start":{"line":11,"column":0},"end":{"line":11,"column":64}},"8":{"start":{"line":12,"column":0},"end":{"line":12,"column":61}},"9":{"start":{"line":13,"column":0},"end":{"line":13,"column":66}},"10":{"start":{"line":14,"column":0},"end":{"line":14,"column":67}},"11":{"start":{"line":15,"column":0},"end":{"line":19,"column":2}},"12":{"start":{"line":20,"column":0},"end":{"line":20,"column":72}},"13":{"start":{"line":23,"column":0},"end":{"line":23,"column":64}},"14":{"start":{"line":24,"column":0},"end":{"line":24,"column":68}},"15":{"start":{"line":25,"column":0},"end":{"line":25,"column":69}},"16":{"start":{"line":26,"column":0},"end":{"line":26,"column":74}},"17":{"start":{"line":28,"column":0},"end":{"line":28,"column":64}},"18":{"start":{"line":30,"column":0},"end":{"line":30,"column":24}}},"fnMap":{},"branchMap":{},"s":{"0":2,"1":2,"2":2,"3":2,"4":2,"5":2,"6":2,"7":2,"8":2,"9":2,"10":2,"11":2,"12":2,"13":2,"14":2,"15":2,"16":2,"17":2,"18":2},"f":{},"b":{},"_coverageSchema":"1a1c01bbd47fc00a2c39e90264f33305004495a9","hash":"19d58a5736fb68cbcded9da909a25ae71ffca8a0"}
,"C:\\Users\\Indra\\Desktop\\finalProject\\ngabolang-server\\routers\\clientCustomer.js": {"path":"C:\\Users\\Indra\\Desktop\\finalProject\\ngabolang-server\\routers\\clientCustomer.js","statementMap":{"0":{"start":{"line":1,"column":15},"end":{"line":1,"column":42}},"1":{"start":{"line":2,"column":19},"end":{"line":2,"column":63}},"2":{"start":{"line":3,"column":23},"end":{"line":3,"column":63}},"3":{"start":{"line":4,"column":22},"end":{"line":4,"column":61}},"4":{"start":{"line":6,"column":0},"end":{"line":6,"column":46}},"5":{"start":{"line":7,"column":0},"end":{"line":7,"column":40}},"6":{"start":{"line":8,"column":0},"end":{"line":8,"column":56}},"7":{"start":{"line":9,"column":0},"end":{"line":9,"column":41}},"8":{"start":{"line":10,"column":0},"end":{"line":10,"column":73}},"9":{"start":{"line":11,"column":0},"end":{"line":11,"column":55}},"10":{"start":{"line":12,"column":0},"end":{"line":12,"column":61}},"11":{"start":{"line":13,"column":0},"end":{"line":13,"column":56}},"12":{"start":{"line":14,"column":0},"end":{"line":14,"column":77}},"13":{"start":{"line":15,"column":0},"end":{"line":15,"column":69}},"14":{"start":{"line":16,"column":0},"end":{"line":16,"column":80}},"15":{"start":{"line":17,"column":0},"end":{"line":17,"column":51}},"16":{"start":{"line":18,"column":0},"end":{"line":18,"column":53}},"17":{"start":{"line":20,"column":0},"end":{"line":20,"column":24}}},"fnMap":{},"branchMap":{},"s":{"0":2,"1":2,"2":2,"3":2,"4":2,"5":2,"6":2,"7":2,"8":2,"9":2,"10":2,"11":2,"12":2,"13":2,"14":2,"15":2,"16":2,"17":2},"f":{},"b":{},"_coverageSchema":"1a1c01bbd47fc00a2c39e90264f33305004495a9","hash":"be2eef910d4c5f4e6f1ccb0602028b4e71e95bb6"}
,"C:\\Users\\Indra\\Desktop\\finalProject\\ngabolang-server\\routers\\index.js": {"path":"C:\\Users\\Indra\\Desktop\\finalProject\\ngabolang-server\\routers\\index.js","statementMap":{"0":{"start":{"line":1,"column":15},"end":{"line":1,"column":42}},"1":{"start":{"line":2,"column":20},"end":{"line":2,"column":44}},"2":{"start":{"line":3,"column":23},"end":{"line":3,"column":50}},"3":{"start":{"line":6,"column":0},"end":{"line":6,"column":34}},"4":{"start":{"line":9,"column":0},"end":{"line":9,"column":40}},"5":{"start":{"line":11,"column":0},"end":{"line":11,"column":24}}},"fnMap":{},"branchMap":{},"s":{"0":2,"1":2,"2":2,"3":2,"4":2,"5":2},"f":{},"b":{},"_coverageSchema":"1a1c01bbd47fc00a2c39e90264f33305004495a9","hash":"a8106a0a5a0648d42fea0b4be53e76a975c2f01c"}
}
