{"D:\\Hacktiv8\\Phase 3\\W4\\ngabolang-server\\app.js": {"path":"D:\\Hacktiv8\\Phase 3\\W4\\ngabolang-server\\app.js","statementMap":{"0":{"start":{"line":1,"column":0},"end":{"line":1,"column":27}},"1":{"start":{"line":3,"column":16},"end":{"line":3,"column":34}},"2":{"start":{"line":4,"column":12},"end":{"line":4,"column":21}},"3":{"start":{"line":5,"column":15},"end":{"line":5,"column":35}},"4":{"start":{"line":6,"column":21},"end":{"line":6,"column":58}},"5":{"start":{"line":7,"column":13},"end":{"line":7,"column":28}},"6":{"start":{"line":9,"column":13},"end":{"line":9,"column":37}},"7":{"start":{"line":11,"column":0},"end":{"line":11,"column":16}},"8":{"start":{"line":13,"column":0},"end":{"line":13,"column":49}},"9":{"start":{"line":14,"column":0},"end":{"line":14,"column":24}},"10":{"start":{"line":20,"column":0},"end":{"line":20,"column":16}},"11":{"start":{"line":21,"column":0},"end":{"line":21,"column":22}},"12":{"start":{"line":27,"column":0},"end":{"line":27,"column":21}}},"fnMap":{},"branchMap":{"0":{"loc":{"start":{"line":9,"column":13},"end":{"line":9,"column":37}},"type":"binary-expr","locations":[{"start":{"line":9,"column":13},"end":{"line":9,"column":29}},{"start":{"line":9,"column":33},"end":{"line":9,"column":37}}],"line":9}},"s":{"0":1,"1":1,"2":1,"3":1,"4":1,"5":1,"6":1,"7":1,"8":1,"9":1,"10":1,"11":1,"12":1},"f":{},"b":{"0":[1,1]},"_coverageSchema":"1a1c01bbd47fc00a2c39e90264f33305004495a9","hash":"b91c8d8135a57551ac7ebbbeae4027e68720c307"}
,"D:\\Hacktiv8\\Phase 3\\W4\\ngabolang-server\\controllers\\adminController.js": {"path":"D:\\Hacktiv8\\Phase 3\\W4\\ngabolang-server\\controllers\\adminController.js","statementMap":{"0":{"start":{"line":1,"column":17},"end":{"line":1,"column":37}},"1":{"start":{"line":2,"column":28},"end":{"line":2,"column":56}},"2":{"start":{"line":3,"column":22},"end":{"line":3,"column":47}},"3":{"start":{"line":7,"column":4},"end":{"line":26,"column":5}},"4":{"start":{"line":9,"column":8},"end":{"line":9,"column":16}},"5":{"start":{"line":10,"column":25},"end":{"line":18,"column":8}},"6":{"start":{"line":19,"column":6},"end":{"line":23,"column":9}},"7":{"start":{"line":25,"column":6},"end":{"line":25,"column":18}},"8":{"start":{"line":30,"column":4},"end":{"line":48,"column":5}},"9":{"start":{"line":31,"column":34},"end":{"line":31,"column":42}},"10":{"start":{"line":32,"column":6},"end":{"line":32,"column":52}},"11":{"start":{"line":32,"column":18},"end":{"line":32,"column":52}},"12":{"start":{"line":33,"column":6},"end":{"line":33,"column":58}},"13":{"start":{"line":33,"column":21},"end":{"line":33,"column":58}},"14":{"start":{"line":34,"column":19},"end":{"line":36,"column":8}},"15":{"start":{"line":37,"column":6},"end":{"line":39,"column":7}},"16":{"start":{"line":38,"column":8},"end":{"line":38,"column":47}},"17":{"start":{"line":40,"column":6},"end":{"line":45,"column":9}},"18":{"start":{"line":47,"column":6},"end":{"line":47,"column":18}},"19":{"start":{"line":52,"column":0},"end":{"line":52,"column":28}}},"fnMap":{"0":{"name":"(anonymous_0)","decl":{"start":{"line":6,"column":2},"end":{"line":6,"column":3}},"loc":{"start":{"line":6,"column":40},"end":{"line":27,"column":3}},"line":6},"1":{"name":"(anonymous_1)","decl":{"start":{"line":29,"column":2},"end":{"line":29,"column":3}},"loc":{"start":{"line":29,"column":37},"end":{"line":49,"column":3}},"line":29}},"branchMap":{"0":{"loc":{"start":{"line":32,"column":6},"end":{"line":32,"column":52}},"type":"if","locations":[{"start":{"line":32,"column":6},"end":{"line":32,"column":52}},{"start":{},"end":{}}],"line":32},"1":{"loc":{"start":{"line":33,"column":6},"end":{"line":33,"column":58}},"type":"if","locations":[{"start":{"line":33,"column":6},"end":{"line":33,"column":58}},{"start":{},"end":{}}],"line":33},"2":{"loc":{"start":{"line":37,"column":6},"end":{"line":39,"column":7}},"type":"if","locations":[{"start":{"line":37,"column":6},"end":{"line":39,"column":7}},{"start":{},"end":{}}],"line":37},"3":{"loc":{"start":{"line":37,"column":10},"end":{"line":37,"column":60}},"type":"binary-expr","locations":[{"start":{"line":37,"column":10},"end":{"line":37,"column":15}},{"start":{"line":37,"column":19},"end":{"line":37,"column":60}}],"line":37}},"s":{"0":1,"1":1,"2":1,"3":0,"4":0,"5":0,"6":0,"7":0,"8":0,"9":0,"10":0,"11":0,"12":0,"13":0,"14":0,"15":0,"16":0,"17":0,"18":0,"19":1},"f":{"0":0,"1":0},"b":{"0":[0,0],"1":[0,0],"2":[0,0],"3":[0,0]},"_coverageSchema":"1a1c01bbd47fc00a2c39e90264f33305004495a9","hash":"c4f9f90e6ff1b5cd0bafa032be48a94fb51d997d"}
,"D:\\Hacktiv8\\Phase 3\\W4\\ngabolang-server\\controllers\\customerController.js": {"path":"D:\\Hacktiv8\\Phase 3\\W4\\ngabolang-server\\controllers\\customerController.js","statementMap":{"0":{"start":{"line":1,"column":57},"end":{"line":1,"column":77}},"1":{"start":{"line":2,"column":28},"end":{"line":2,"column":56}},"2":{"start":{"line":3,"column":22},"end":{"line":3,"column":47}},"3":{"start":{"line":4,"column":25},"end":{"line":4,"column":55}},"4":{"start":{"line":8,"column":4},"end":{"line":27,"column":5}},"5":{"start":{"line":10,"column":8},"end":{"line":10,"column":16}},"6":{"start":{"line":11,"column":25},"end":{"line":19,"column":8}},"7":{"start":{"line":20,"column":6},"end":{"line":24,"column":9}},"8":{"start":{"line":26,"column":6},"end":{"line":26,"column":18}},"9":{"start":{"line":31,"column":4},"end":{"line":49,"column":5}},"10":{"start":{"line":32,"column":34},"end":{"line":32,"column":42}},"11":{"start":{"line":33,"column":6},"end":{"line":33,"column":52}},"12":{"start":{"line":33,"column":18},"end":{"line":33,"column":52}},"13":{"start":{"line":34,"column":6},"end":{"line":34,"column":58}},"14":{"start":{"line":34,"column":21},"end":{"line":34,"column":58}},"15":{"start":{"line":35,"column":19},"end":{"line":37,"column":8}},"16":{"start":{"line":38,"column":6},"end":{"line":40,"column":7}},"17":{"start":{"line":39,"column":8},"end":{"line":39,"column":47}},"18":{"start":{"line":41,"column":6},"end":{"line":46,"column":9}},"19":{"start":{"line":48,"column":6},"end":{"line":48,"column":18}},"20":{"start":{"line":53,"column":4},"end":{"line":84,"column":5}},"21":{"start":{"line":54,"column":32},"end":{"line":54,"column":63}},"22":{"start":{"line":55,"column":21},"end":{"line":55,"column":67}},"23":{"start":{"line":57,"column":21},"end":{"line":60,"column":8}},"24":{"start":{"line":62,"column":22},"end":{"line":62,"column":41}},"25":{"start":{"line":64,"column":30},"end":{"line":64,"column":37}},"26":{"start":{"line":65,"column":23},"end":{"line":65,"column":44}},"27":{"start":{"line":66,"column":30},"end":{"line":74,"column":8}},"28":{"start":{"line":76,"column":6},"end":{"line":81,"column":9}},"29":{"start":{"line":83,"column":6},"end":{"line":83,"column":16}},"30":{"start":{"line":88,"column":4},"end":{"line":104,"column":5}},"31":{"start":{"line":89,"column":20},"end":{"line":99,"column":8}},"32":{"start":{"line":100,"column":6},"end":{"line":100,"column":60}},"33":{"start":{"line":100,"column":29},"end":{"line":100,"column":60}},"34":{"start":{"line":101,"column":6},"end":{"line":101,"column":34}},"35":{"start":{"line":103,"column":6},"end":{"line":103,"column":18}},"36":{"start":{"line":108,"column":4},"end":{"line":123,"column":5}},"37":{"start":{"line":109,"column":27},"end":{"line":109,"column":37}},"38":{"start":{"line":110,"column":20},"end":{"line":118,"column":8}},"39":{"start":{"line":119,"column":6},"end":{"line":119,"column":60}},"40":{"start":{"line":119,"column":29},"end":{"line":119,"column":60}},"41":{"start":{"line":120,"column":6},"end":{"line":120,"column":34}},"42":{"start":{"line":122,"column":6},"end":{"line":122,"column":18}},"43":{"start":{"line":127,"column":4},"end":{"line":148,"column":5}},"44":{"start":{"line":128,"column":21},"end":{"line":128,"column":31}},"45":{"start":{"line":129,"column":20},"end":{"line":143,"column":8}},"46":{"start":{"line":144,"column":6},"end":{"line":144,"column":60}},"47":{"start":{"line":144,"column":29},"end":{"line":144,"column":60}},"48":{"start":{"line":145,"column":6},"end":{"line":145,"column":34}},"49":{"start":{"line":147,"column":6},"end":{"line":147,"column":18}},"50":{"start":{"line":152,"column":4},"end":{"line":168,"column":5}},"51":{"start":{"line":153,"column":25},"end":{"line":163,"column":8}},"52":{"start":{"line":164,"column":6},"end":{"line":164,"column":54}},"53":{"start":{"line":164,"column":23},"end":{"line":164,"column":54}},"54":{"start":{"line":165,"column":6},"end":{"line":165,"column":39}},"55":{"start":{"line":167,"column":6},"end":{"line":167,"column":18}},"56":{"start":{"line":172,"column":4},"end":{"line":188,"column":5}},"57":{"start":{"line":173,"column":25},"end":{"line":173,"column":35}},"58":{"start":{"line":174,"column":19},"end":{"line":183,"column":8}},"59":{"start":{"line":184,"column":6},"end":{"line":184,"column":48}},"60":{"start":{"line":184,"column":17},"end":{"line":184,"column":48}},"61":{"start":{"line":185,"column":6},"end":{"line":185,"column":33}},"62":{"start":{"line":187,"column":6},"end":{"line":187,"column":18}},"63":{"start":{"line":192,"column":4},"end":{"line":201,"column":5}},"64":{"start":{"line":193,"column":25},"end":{"line":193,"column":35}},"65":{"start":{"line":194,"column":24},"end":{"line":197,"column":8}},"66":{"start":{"line":198,"column":6},"end":{"line":198,"column":38}},"67":{"start":{"line":200,"column":6},"end":{"line":200,"column":18}},"68":{"start":{"line":205,"column":4},"end":{"line":226,"column":5}},"69":{"start":{"line":206,"column":25},"end":{"line":206,"column":35}},"70":{"start":{"line":207,"column":24},"end":{"line":218,"column":8}},"71":{"start":{"line":219,"column":6},"end":{"line":219,"column":53}},"72":{"start":{"line":219,"column":22},"end":{"line":219,"column":53}},"73":{"start":{"line":220,"column":6},"end":{"line":220,"column":37}},"74":{"start":{"line":221,"column":31},"end":{"line":221,"column":53}},"75":{"start":{"line":223,"column":6},"end":{"line":223,"column":45}},"76":{"start":{"line":225,"column":6},"end":{"line":225,"column":18}},"77":{"start":{"line":230,"column":4},"end":{"line":255,"column":5}},"78":{"start":{"line":231,"column":25},"end":{"line":231,"column":35}},"79":{"start":{"line":232,"column":33},"end":{"line":232,"column":41}},"80":{"start":{"line":233,"column":24},"end":{"line":244,"column":8}},"81":{"start":{"line":245,"column":6},"end":{"line":245,"column":53}},"82":{"start":{"line":245,"column":22},"end":{"line":245,"column":53}},"83":{"start":{"line":246,"column":6},"end":{"line":249,"column":9}},"84":{"start":{"line":250,"column":31},"end":{"line":250,"column":53}},"85":{"start":{"line":251,"column":6},"end":{"line":251,"column":45}},"86":{"start":{"line":253,"column":6},"end":{"line":253,"column":25}},"87":{"start":{"line":254,"column":6},"end":{"line":254,"column":18}},"88":{"start":{"line":259,"column":0},"end":{"line":259,"column":28}}},"fnMap":{"0":{"name":"(anonymous_0)","decl":{"start":{"line":7,"column":2},"end":{"line":7,"column":3}},"loc":{"start":{"line":7,"column":40},"end":{"line":28,"column":3}},"line":7},"1":{"name":"(anonymous_1)","decl":{"start":{"line":30,"column":2},"end":{"line":30,"column":3}},"loc":{"start":{"line":30,"column":37},"end":{"line":50,"column":3}},"line":30},"2":{"name":"(anonymous_2)","decl":{"start":{"line":52,"column":2},"end":{"line":52,"column":3}},"loc":{"start":{"line":52,"column":44},"end":{"line":85,"column":3}},"line":52},"3":{"name":"(anonymous_3)","decl":{"start":{"line":87,"column":2},"end":{"line":87,"column":3}},"loc":{"start":{"line":87,"column":40},"end":{"line":105,"column":3}},"line":87},"4":{"name":"(anonymous_4)","decl":{"start":{"line":107,"column":2},"end":{"line":107,"column":3}},"loc":{"start":{"line":107,"column":50},"end":{"line":124,"column":3}},"line":107},"5":{"name":"(anonymous_5)","decl":{"start":{"line":126,"column":2},"end":{"line":126,"column":3}},"loc":{"start":{"line":126,"column":44},"end":{"line":149,"column":3}},"line":126},"6":{"name":"(anonymous_6)","decl":{"start":{"line":151,"column":2},"end":{"line":151,"column":3}},"loc":{"start":{"line":151,"column":41},"end":{"line":169,"column":3}},"line":151},"7":{"name":"(anonymous_7)","decl":{"start":{"line":171,"column":2},"end":{"line":171,"column":3}},"loc":{"start":{"line":171,"column":47},"end":{"line":189,"column":3}},"line":171},"8":{"name":"(anonymous_8)","decl":{"start":{"line":191,"column":2},"end":{"line":191,"column":3}},"loc":{"start":{"line":191,"column":47},"end":{"line":202,"column":3}},"line":191},"9":{"name":"(anonymous_9)","decl":{"start":{"line":204,"column":2},"end":{"line":204,"column":3}},"loc":{"start":{"line":204,"column":39},"end":{"line":227,"column":3}},"line":204},"10":{"name":"(anonymous_10)","decl":{"start":{"line":229,"column":2},"end":{"line":229,"column":3}},"loc":{"start":{"line":229,"column":38},"end":{"line":256,"column":3}},"line":229}},"branchMap":{"0":{"loc":{"start":{"line":33,"column":6},"end":{"line":33,"column":52}},"type":"if","locations":[{"start":{"line":33,"column":6},"end":{"line":33,"column":52}},{"start":{},"end":{}}],"line":33},"1":{"loc":{"start":{"line":34,"column":6},"end":{"line":34,"column":58}},"type":"if","locations":[{"start":{"line":34,"column":6},"end":{"line":34,"column":58}},{"start":{},"end":{}}],"line":34},"2":{"loc":{"start":{"line":38,"column":6},"end":{"line":40,"column":7}},"type":"if","locations":[{"start":{"line":38,"column":6},"end":{"line":40,"column":7}},{"start":{},"end":{}}],"line":38},"3":{"loc":{"start":{"line":38,"column":10},"end":{"line":38,"column":60}},"type":"binary-expr","locations":[{"start":{"line":38,"column":10},"end":{"line":38,"column":15}},{"start":{"line":38,"column":19},"end":{"line":38,"column":60}}],"line":38},"4":{"loc":{"start":{"line":76,"column":17},"end":{"line":76,"column":36}},"type":"cond-expr","locations":[{"start":{"line":76,"column":27},"end":{"line":76,"column":30}},{"start":{"line":76,"column":33},"end":{"line":76,"column":36}}],"line":76},"5":{"loc":{"start":{"line":100,"column":6},"end":{"line":100,"column":60}},"type":"if","locations":[{"start":{"line":100,"column":6},"end":{"line":100,"column":60}},{"start":{},"end":{}}],"line":100},"6":{"loc":{"start":{"line":119,"column":6},"end":{"line":119,"column":60}},"type":"if","locations":[{"start":{"line":119,"column":6},"end":{"line":119,"column":60}},{"start":{},"end":{}}],"line":119},"7":{"loc":{"start":{"line":144,"column":6},"end":{"line":144,"column":60}},"type":"if","locations":[{"start":{"line":144,"column":6},"end":{"line":144,"column":60}},{"start":{},"end":{}}],"line":144},"8":{"loc":{"start":{"line":164,"column":6},"end":{"line":164,"column":54}},"type":"if","locations":[{"start":{"line":164,"column":6},"end":{"line":164,"column":54}},{"start":{},"end":{}}],"line":164},"9":{"loc":{"start":{"line":184,"column":6},"end":{"line":184,"column":48}},"type":"if","locations":[{"start":{"line":184,"column":6},"end":{"line":184,"column":48}},{"start":{},"end":{}}],"line":184},"10":{"loc":{"start":{"line":219,"column":6},"end":{"line":219,"column":53}},"type":"if","locations":[{"start":{"line":219,"column":6},"end":{"line":219,"column":53}},{"start":{},"end":{}}],"line":219},"11":{"loc":{"start":{"line":245,"column":6},"end":{"line":245,"column":53}},"type":"if","locations":[{"start":{"line":245,"column":6},"end":{"line":245,"column":53}},{"start":{},"end":{}}],"line":245}},"s":{"0":1,"1":1,"2":1,"3":1,"4":10,"5":10,"6":10,"7":1,"8":9,"9":3,"10":3,"11":3,"12":0,"13":3,"14":0,"15":3,"16":3,"17":2,"18":1,"19":2,"20":0,"21":0,"22":0,"23":0,"24":0,"25":0,"26":0,"27":0,"28":0,"29":0,"30":1,"31":1,"32":1,"33":0,"34":1,"35":0,"36":2,"37":2,"38":2,"39":2,"40":1,"41":1,"42":1,"43":2,"44":2,"45":2,"46":2,"47":1,"48":1,"49":1,"50":0,"51":0,"52":0,"53":0,"54":0,"55":0,"56":0,"57":0,"58":0,"59":0,"60":0,"61":0,"62":0,"63":0,"64":0,"65":0,"66":0,"67":0,"68":0,"69":0,"70":0,"71":0,"72":0,"73":0,"74":0,"75":0,"76":0,"77":0,"78":0,"79":0,"80":0,"81":0,"82":0,"83":0,"84":0,"85":0,"86":0,"87":0,"88":1},"f":{"0":10,"1":3,"2":0,"3":1,"4":2,"5":2,"6":0,"7":0,"8":0,"9":0,"10":0},"b":{"0":[0,3],"1":[0,3],"2":[2,1],"3":[3,2],"4":[0,0],"5":[0,1],"6":[1,1],"7":[1,1],"8":[0,0],"9":[0,0],"10":[0,0],"11":[0,0]},"_coverageSchema":"1a1c01bbd47fc00a2c39e90264f33305004495a9","hash":"d5659b4f1224715cfa0617fc3658d29f0916c335"}
,"D:\\Hacktiv8\\Phase 3\\W4\\ngabolang-server\\helpers\\bcrypt.js": {"path":"D:\\Hacktiv8\\Phase 3\\W4\\ngabolang-server\\helpers\\bcrypt.js","statementMap":{"0":{"start":{"line":1,"column":15},"end":{"line":1,"column":34}},"1":{"start":{"line":3,"column":0},"end":{"line":7,"column":2}},"2":{"start":{"line":4,"column":30},"end":{"line":4,"column":59}},"3":{"start":{"line":6,"column":4},"end":{"line":6,"column":48}}},"fnMap":{"0":{"name":"(anonymous_0)","decl":{"start":{"line":4,"column":16},"end":{"line":4,"column":17}},"loc":{"start":{"line":4,"column":30},"end":{"line":4,"column":59}},"line":4},"1":{"name":"(anonymous_1)","decl":{"start":{"line":5,"column":19},"end":{"line":5,"column":20}},"loc":{"start":{"line":6,"column":4},"end":{"line":6,"column":48}},"line":6}},"branchMap":{},"s":{"0":1,"1":1,"2":6,"3":2},"f":{"0":6,"1":2},"b":{},"_coverageSchema":"1a1c01bbd47fc00a2c39e90264f33305004495a9","hash":"1ae46cb3f93b9727a10736d9f3403f9406175eab"}
,"D:\\Hacktiv8\\Phase 3\\W4\\ngabolang-server\\helpers\\jwt.js": {"path":"D:\\Hacktiv8\\Phase 3\\W4\\ngabolang-server\\helpers\\jwt.js","statementMap":{"0":{"start":{"line":1,"column":12},"end":{"line":1,"column":35}},"1":{"start":{"line":2,"column":18},"end":{"line":2,"column":40}},"2":{"start":{"line":4,"column":0},"end":{"line":7,"column":2}},"3":{"start":{"line":5,"column":26},"end":{"line":5,"column":54}},"4":{"start":{"line":6,"column":26},"end":{"line":6,"column":54}}},"fnMap":{"0":{"name":"(anonymous_0)","decl":{"start":{"line":5,"column":13},"end":{"line":5,"column":14}},"loc":{"start":{"line":5,"column":26},"end":{"line":5,"column":54}},"line":5},"1":{"name":"(anonymous_1)","decl":{"start":{"line":6,"column":15},"end":{"line":6,"column":16}},"loc":{"start":{"line":6,"column":26},"end":{"line":6,"column":54}},"line":6}},"branchMap":{},"s":{"0":1,"1":1,"2":1,"3":1,"4":0},"f":{"0":1,"1":0},"b":{},"_coverageSchema":"1a1c01bbd47fc00a2c39e90264f33305004495a9","hash":"5d7be4b4b0020565ad35f4069ad12be387cdeaf9"}
,"D:\\Hacktiv8\\Phase 3\\W4\\ngabolang-server\\middlewares\\authentication.js": {"path":"D:\\Hacktiv8\\Phase 3\\W4\\ngabolang-server\\middlewares\\authentication.js","statementMap":{"0":{"start":{"line":1,"column":17},"end":{"line":1,"column":37}},"1":{"start":{"line":2,"column":24},"end":{"line":2,"column":49}},"2":{"start":{"line":5,"column":2},"end":{"line":15,"column":3}},"3":{"start":{"line":6,"column":27},"end":{"line":6,"column":38}},"4":{"start":{"line":7,"column":4},"end":{"line":7,"column":57}},"5":{"start":{"line":7,"column":23},"end":{"line":7,"column":57}},"6":{"start":{"line":8,"column":18},"end":{"line":8,"column":43}},"7":{"start":{"line":9,"column":15},"end":{"line":9,"column":46}},"8":{"start":{"line":10,"column":4},"end":{"line":10,"column":49}},"9":{"start":{"line":10,"column":15},"end":{"line":10,"column":49}},"10":{"start":{"line":11,"column":4},"end":{"line":11,"column":50}},"11":{"start":{"line":12,"column":4},"end":{"line":12,"column":11}},"12":{"start":{"line":14,"column":4},"end":{"line":14,"column":16}},"13":{"start":{"line":18,"column":0},"end":{"line":18,"column":32}}},"fnMap":{"0":{"name":"authentication","decl":{"start":{"line":4,"column":15},"end":{"line":4,"column":29}},"loc":{"start":{"line":4,"column":46},"end":{"line":16,"column":1}},"line":4}},"branchMap":{"0":{"loc":{"start":{"line":7,"column":4},"end":{"line":7,"column":57}},"type":"if","locations":[{"start":{"line":7,"column":4},"end":{"line":7,"column":57}},{"start":{},"end":{}}],"line":7},"1":{"loc":{"start":{"line":10,"column":4},"end":{"line":10,"column":49}},"type":"if","locations":[{"start":{"line":10,"column":4},"end":{"line":10,"column":49}},{"start":{},"end":{}}],"line":10}},"s":{"0":1,"1":1,"2":0,"3":0,"4":0,"5":0,"6":0,"7":0,"8":0,"9":0,"10":0,"11":0,"12":0,"13":1},"f":{"0":0},"b":{"0":[0,0],"1":[0,0]},"_coverageSchema":"1a1c01bbd47fc00a2c39e90264f33305004495a9","hash":"be3cf9e2d8e9dfc62432e3a33550e4b5fc0f800c"}
,"D:\\Hacktiv8\\Phase 3\\W4\\ngabolang-server\\middlewares\\authorization.js": {"path":"D:\\Hacktiv8\\Phase 3\\W4\\ngabolang-server\\middlewares\\authorization.js","statementMap":{"0":{"start":{"line":1,"column":28},"end":{"line":1,"column":48}},"1":{"start":{"line":4,"column":2},"end":{"line":31,"column":3}},"2":{"start":{"line":5,"column":19},"end":{"line":5,"column":36}},"3":{"start":{"line":6,"column":22},"end":{"line":17,"column":6}},"4":{"start":{"line":19,"column":4},"end":{"line":23,"column":5}},"5":{"start":{"line":20,"column":6},"end":{"line":22,"column":8}},"6":{"start":{"line":25,"column":4},"end":{"line":27,"column":5}},"7":{"start":{"line":26,"column":6},"end":{"line":26,"column":34}},"8":{"start":{"line":28,"column":4},"end":{"line":28,"column":11}},"9":{"start":{"line":30,"column":4},"end":{"line":30,"column":16}},"10":{"start":{"line":34,"column":0},"end":{"line":34,"column":31}}},"fnMap":{"0":{"name":"authorization","decl":{"start":{"line":3,"column":15},"end":{"line":3,"column":28}},"loc":{"start":{"line":3,"column":45},"end":{"line":32,"column":1}},"line":3}},"branchMap":{"0":{"loc":{"start":{"line":19,"column":4},"end":{"line":23,"column":5}},"type":"if","locations":[{"start":{"line":19,"column":4},"end":{"line":23,"column":5}},{"start":{},"end":{}}],"line":19},"1":{"loc":{"start":{"line":25,"column":4},"end":{"line":27,"column":5}},"type":"if","locations":[{"start":{"line":25,"column":4},"end":{"line":27,"column":5}},{"start":{},"end":{}}],"line":25}},"s":{"0":1,"1":0,"2":0,"3":0,"4":0,"5":0,"6":0,"7":0,"8":0,"9":0,"10":1},"f":{"0":0},"b":{"0":[0,0],"1":[0,0]},"_coverageSchema":"1a1c01bbd47fc00a2c39e90264f33305004495a9","hash":"dec79d538a78f22a5a28074f6d087718cdebecbc"}
,"D:\\Hacktiv8\\Phase 3\\W4\\ngabolang-server\\middlewares\\errorHandler.js": {"path":"D:\\Hacktiv8\\Phase 3\\W4\\ngabolang-server\\middlewares\\errorHandler.js","statementMap":{"0":{"start":{"line":1,"column":0},"end":{"line":45,"column":2}},"1":{"start":{"line":5,"column":2},"end":{"line":43,"column":3}},"2":{"start":{"line":7,"column":6},"end":{"line":7,"column":19}},"3":{"start":{"line":8,"column":6},"end":{"line":8,"column":36}},"4":{"start":{"line":9,"column":6},"end":{"line":9,"column":12}},"5":{"start":{"line":11,"column":6},"end":{"line":11,"column":19}},"6":{"start":{"line":12,"column":6},"end":{"line":12,"column":39}},"7":{"start":{"line":13,"column":6},"end":{"line":13,"column":12}},"8":{"start":{"line":15,"column":6},"end":{"line":15,"column":19}},"9":{"start":{"line":16,"column":6},"end":{"line":16,"column":40}},"10":{"start":{"line":17,"column":6},"end":{"line":17,"column":12}},"11":{"start":{"line":19,"column":6},"end":{"line":19,"column":19}},"12":{"start":{"line":20,"column":6},"end":{"line":20,"column":47}},"13":{"start":{"line":21,"column":6},"end":{"line":21,"column":12}},"14":{"start":{"line":24,"column":6},"end":{"line":24,"column":19}},"15":{"start":{"line":25,"column":6},"end":{"line":25,"column":34}},"16":{"start":{"line":26,"column":6},"end":{"line":26,"column":12}},"17":{"start":{"line":28,"column":6},"end":{"line":28,"column":19}},"18":{"start":{"line":29,"column":6},"end":{"line":29,"column":41}},"19":{"start":{"line":30,"column":6},"end":{"line":30,"column":12}},"20":{"start":{"line":32,"column":6},"end":{"line":32,"column":19}},"21":{"start":{"line":33,"column":6},"end":{"line":33,"column":33}},"22":{"start":{"line":34,"column":6},"end":{"line":34,"column":12}},"23":{"start":{"line":36,"column":6},"end":{"line":36,"column":19}},"24":{"start":{"line":37,"column":6},"end":{"line":37,"column":40}},"25":{"start":{"line":38,"column":6},"end":{"line":38,"column":12}},"26":{"start":{"line":40,"column":6},"end":{"line":40,"column":19}},"27":{"start":{"line":41,"column":6},"end":{"line":41,"column":40}},"28":{"start":{"line":42,"column":6},"end":{"line":42,"column":12}},"29":{"start":{"line":44,"column":2},"end":{"line":44,"column":39}}},"fnMap":{"0":{"name":"(anonymous_0)","decl":{"start":{"line":1,"column":17},"end":{"line":1,"column":18}},"loc":{"start":{"line":1,"column":44},"end":{"line":45,"column":1}},"line":1}},"branchMap":{"0":{"loc":{"start":{"line":5,"column":2},"end":{"line":43,"column":3}},"type":"switch","locations":[{"start":{"line":6,"column":4},"end":{"line":9,"column":12}},{"start":{"line":10,"column":4},"end":{"line":13,"column":12}},{"start":{"line":14,"column":4},"end":{"line":17,"column":12}},{"start":{"line":18,"column":4},"end":{"line":21,"column":12}},{"start":{"line":22,"column":4},"end":{"line":22,"column":27}},{"start":{"line":23,"column":4},"end":{"line":26,"column":12}},{"start":{"line":27,"column":4},"end":{"line":30,"column":12}},{"start":{"line":31,"column":4},"end":{"line":34,"column":12}},{"start":{"line":35,"column":4},"end":{"line":38,"column":12}},{"start":{"line":39,"column":4},"end":{"line":42,"column":12}}],"line":5}},"s":{"0":1,"1":13,"2":0,"3":0,"4":0,"5":0,"6":0,"7":0,"8":8,"9":8,"10":8,"11":2,"12":2,"13":2,"14":0,"15":0,"16":0,"17":0,"18":0,"19":0,"20":2,"21":2,"22":2,"23":1,"24":1,"25":1,"26":0,"27":0,"28":0,"29":13},"f":{"0":13},"b":{"0":[0,0,8,2,0,0,0,2,1,0]},"_coverageSchema":"1a1c01bbd47fc00a2c39e90264f33305004495a9","hash":"0b76e31beff57dce02ddffec3bbd58071d50cd24"}
,"D:\\Hacktiv8\\Phase 3\\W4\\ngabolang-server\\models\\category.js": {"path":"D:\\Hacktiv8\\Phase 3\\W4\\ngabolang-server\\models\\category.js","statementMap":{"0":{"start":{"line":2,"column":18},"end":{"line":2,"column":38}},"1":{"start":{"line":3,"column":0},"end":{"line":26,"column":2}},"2":{"start":{"line":12,"column":6},"end":{"line":12,"column":66}},"3":{"start":{"line":15,"column":2},"end":{"line":24,"column":4}},"4":{"start":{"line":25,"column":2},"end":{"line":25,"column":18}}},"fnMap":{"0":{"name":"(anonymous_0)","decl":{"start":{"line":3,"column":17},"end":{"line":3,"column":18}},"loc":{"start":{"line":3,"column":43},"end":{"line":26,"column":1}},"line":3},"1":{"name":"(anonymous_1)","decl":{"start":{"line":10,"column":4},"end":{"line":10,"column":5}},"loc":{"start":{"line":10,"column":29},"end":{"line":13,"column":5}},"line":10}},"branchMap":{},"s":{"0":1,"1":1,"2":1,"3":1,"4":1},"f":{"0":1,"1":1},"b":{},"_coverageSchema":"1a1c01bbd47fc00a2c39e90264f33305004495a9","hash":"4fd3cf6e3c565a9d7768090ab5e1df901119ce64"}
,"D:\\Hacktiv8\\Phase 3\\W4\\ngabolang-server\\models\\destination.js": {"path":"D:\\Hacktiv8\\Phase 3\\W4\\ngabolang-server\\models\\destination.js","statementMap":{"0":{"start":{"line":2,"column":18},"end":{"line":2,"column":38}},"1":{"start":{"line":3,"column":0},"end":{"line":33,"column":2}},"2":{"start":{"line":12,"column":6},"end":{"line":12,"column":67}},"3":{"start":{"line":15,"column":2},"end":{"line":31,"column":4}},"4":{"start":{"line":32,"column":2},"end":{"line":32,"column":21}}},"fnMap":{"0":{"name":"(anonymous_0)","decl":{"start":{"line":3,"column":17},"end":{"line":3,"column":18}},"loc":{"start":{"line":3,"column":43},"end":{"line":33,"column":1}},"line":3},"1":{"name":"(anonymous_1)","decl":{"start":{"line":10,"column":4},"end":{"line":10,"column":5}},"loc":{"start":{"line":10,"column":29},"end":{"line":13,"column":5}},"line":10}},"branchMap":{},"s":{"0":1,"1":1,"2":1,"3":1,"4":1},"f":{"0":1,"1":1},"b":{},"_coverageSchema":"1a1c01bbd47fc00a2c39e90264f33305004495a9","hash":"0ac689ac8b6c91d38f730ba87c2ae5b24e3939a6"}
,"D:\\Hacktiv8\\Phase 3\\W4\\ngabolang-server\\models\\index.js": {"path":"D:\\Hacktiv8\\Phase 3\\W4\\ngabolang-server\\models\\index.js","statementMap":{"0":{"start":{"line":3,"column":11},"end":{"line":3,"column":24}},"1":{"start":{"line":4,"column":13},"end":{"line":4,"column":28}},"2":{"start":{"line":5,"column":18},"end":{"line":5,"column":38}},"3":{"start":{"line":6,"column":16},"end":{"line":6,"column":34}},"4":{"start":{"line":7,"column":17},"end":{"line":7,"column":42}},"5":{"start":{"line":8,"column":12},"end":{"line":8,"column":49}},"6":{"start":{"line":9,"column":15},"end":{"line":9,"column":65}},"7":{"start":{"line":10,"column":11},"end":{"line":10,"column":13}},"8":{"start":{"line":13,"column":0},"end":{"line":22,"column":1}},"9":{"start":{"line":14,"column":2},"end":{"line":14,"column":74}},"10":{"start":{"line":16,"column":2},"end":{"line":21,"column":4}},"11":{"start":{"line":24,"column":0},"end":{"line":39,"column":5}},"12":{"start":{"line":26,"column":4},"end":{"line":31,"column":6}},"13":{"start":{"line":34,"column":18},"end":{"line":37,"column":5}},"14":{"start":{"line":38,"column":4},"end":{"line":38,"column":27}},"15":{"start":{"line":41,"column":0},"end":{"line":45,"column":3}},"16":{"start":{"line":42,"column":2},"end":{"line":44,"column":3}},"17":{"start":{"line":43,"column":4},"end":{"line":43,"column":32}},"18":{"start":{"line":47,"column":0},"end":{"line":47,"column":25}},"19":{"start":{"line":48,"column":0},"end":{"line":48,"column":25}},"20":{"start":{"line":50,"column":0},"end":{"line":50,"column":20}}},"fnMap":{"0":{"name":"(anonymous_0)","decl":{"start":{"line":25,"column":10},"end":{"line":25,"column":11}},"loc":{"start":{"line":25,"column":20},"end":{"line":32,"column":3}},"line":25},"1":{"name":"(anonymous_1)","decl":{"start":{"line":33,"column":11},"end":{"line":33,"column":12}},"loc":{"start":{"line":33,"column":21},"end":{"line":39,"column":3}},"line":33},"2":{"name":"(anonymous_2)","decl":{"start":{"line":41,"column":24},"end":{"line":41,"column":25}},"loc":{"start":{"line":41,"column":39},"end":{"line":45,"column":1}},"line":41}},"branchMap":{"0":{"loc":{"start":{"line":8,"column":12},"end":{"line":8,"column":49}},"type":"binary-expr","locations":[{"start":{"line":8,"column":12},"end":{"line":8,"column":32}},{"start":{"line":8,"column":36},"end":{"line":8,"column":49}}],"line":8},"1":{"loc":{"start":{"line":13,"column":0},"end":{"line":22,"column":1}},"type":"if","locations":[{"start":{"line":13,"column":0},"end":{"line":22,"column":1}},{"start":{"line":15,"column":7},"end":{"line":22,"column":1}}],"line":13},"2":{"loc":{"start":{"line":27,"column":6},"end":{"line":30,"column":37}},"type":"binary-expr","locations":[{"start":{"line":27,"column":6},"end":{"line":27,"column":29}},{"start":{"line":28,"column":6},"end":{"line":28,"column":23}},{"start":{"line":29,"column":6},"end":{"line":29,"column":30}},{"start":{"line":30,"column":6},"end":{"line":30,"column":37}}],"line":27},"3":{"loc":{"start":{"line":42,"column":2},"end":{"line":44,"column":3}},"type":"if","locations":[{"start":{"line":42,"column":2},"end":{"line":44,"column":3}},{"start":{},"end":{}}],"line":42}},"s":{"0":1,"1":1,"2":1,"3":1,"4":1,"5":1,"6":1,"7":1,"8":1,"9":0,"10":1,"11":1,"12":6,"13":5,"14":5,"15":1,"16":5,"17":5,"18":1,"19":1,"20":1},"f":{"0":6,"1":5,"2":5},"b":{"0":[1,0],"1":[0,1],"2":[6,6,5,5],"3":[5,0]},"_coverageSchema":"1a1c01bbd47fc00a2c39e90264f33305004495a9","hash":"b8965df1250f056788d232f100f2949007972e0c"}
,"D:\\Hacktiv8\\Phase 3\\W4\\ngabolang-server\\models\\trip.js": {"path":"D:\\Hacktiv8\\Phase 3\\W4\\ngabolang-server\\models\\trip.js","statementMap":{"0":{"start":{"line":2,"column":18},"end":{"line":2,"column":38}},"1":{"start":{"line":3,"column":0},"end":{"line":41,"column":2}},"2":{"start":{"line":12,"column":6},"end":{"line":12,"column":61}},"3":{"start":{"line":13,"column":6},"end":{"line":13,"column":68}},"4":{"start":{"line":14,"column":6},"end":{"line":14,"column":65}},"5":{"start":{"line":15,"column":6},"end":{"line":15,"column":63}},"6":{"start":{"line":18,"column":2},"end":{"line":39,"column":4}},"7":{"start":{"line":40,"column":2},"end":{"line":40,"column":14}}},"fnMap":{"0":{"name":"(anonymous_0)","decl":{"start":{"line":3,"column":17},"end":{"line":3,"column":18}},"loc":{"start":{"line":3,"column":43},"end":{"line":41,"column":1}},"line":3},"1":{"name":"(anonymous_1)","decl":{"start":{"line":10,"column":4},"end":{"line":10,"column":5}},"loc":{"start":{"line":10,"column":29},"end":{"line":16,"column":5}},"line":10}},"branchMap":{},"s":{"0":1,"1":1,"2":1,"3":1,"4":1,"5":1,"6":1,"7":1},"f":{"0":1,"1":1},"b":{},"_coverageSchema":"1a1c01bbd47fc00a2c39e90264f33305004495a9","hash":"ed77919936886b0f314517ec87273056e29d9206"}
,"D:\\Hacktiv8\\Phase 3\\W4\\ngabolang-server\\models\\tripgroup.js": {"path":"D:\\Hacktiv8\\Phase 3\\W4\\ngabolang-server\\models\\tripgroup.js","statementMap":{"0":{"start":{"line":2,"column":18},"end":{"line":2,"column":38}},"1":{"start":{"line":3,"column":0},"end":{"line":30,"column":2}},"2":{"start":{"line":12,"column":6},"end":{"line":12,"column":65}},"3":{"start":{"line":13,"column":6},"end":{"line":13,"column":69}},"4":{"start":{"line":16,"column":2},"end":{"line":28,"column":4}},"5":{"start":{"line":29,"column":2},"end":{"line":29,"column":19}}},"fnMap":{"0":{"name":"(anonymous_0)","decl":{"start":{"line":3,"column":17},"end":{"line":3,"column":18}},"loc":{"start":{"line":3,"column":43},"end":{"line":30,"column":1}},"line":3},"1":{"name":"(anonymous_1)","decl":{"start":{"line":10,"column":4},"end":{"line":10,"column":5}},"loc":{"start":{"line":10,"column":29},"end":{"line":14,"column":5}},"line":10}},"branchMap":{},"s":{"0":1,"1":1,"2":1,"3":1,"4":1,"5":1},"f":{"0":1,"1":1},"b":{},"_coverageSchema":"1a1c01bbd47fc00a2c39e90264f33305004495a9","hash":"ee033c5e64319da067c6f3143ca0c4441d9e8e30"}
,"D:\\Hacktiv8\\Phase 3\\W4\\ngabolang-server\\models\\user.js": {"path":"D:\\Hacktiv8\\Phase 3\\W4\\ngabolang-server\\models\\user.js","statementMap":{"0":{"start":{"line":2,"column":18},"end":{"line":2,"column":38}},"1":{"start":{"line":3,"column":25},"end":{"line":3,"column":53}},"2":{"start":{"line":5,"column":0},"end":{"line":62,"column":2}},"3":{"start":{"line":9,"column":6},"end":{"line":9,"column":67}},"4":{"start":{"line":10,"column":6},"end":{"line":10,"column":59}},"5":{"start":{"line":13,"column":2},"end":{"line":57,"column":4}},"6":{"start":{"line":42,"column":12},"end":{"line":44,"column":13}},"7":{"start":{"line":43,"column":14},"end":{"line":43,"column":77}},"8":{"start":{"line":58,"column":2},"end":{"line":60,"column":5}},"9":{"start":{"line":59,"column":4},"end":{"line":59,"column":56}},"10":{"start":{"line":61,"column":2},"end":{"line":61,"column":14}}},"fnMap":{"0":{"name":"(anonymous_0)","decl":{"start":{"line":5,"column":17},"end":{"line":5,"column":18}},"loc":{"start":{"line":5,"column":43},"end":{"line":62,"column":1}},"line":5},"1":{"name":"(anonymous_1)","decl":{"start":{"line":7,"column":4},"end":{"line":7,"column":5}},"loc":{"start":{"line":7,"column":29},"end":{"line":11,"column":5}},"line":7},"2":{"name":"(anonymous_2)","decl":{"start":{"line":41,"column":10},"end":{"line":41,"column":11}},"loc":{"start":{"line":41,"column":33},"end":{"line":45,"column":11}},"line":41},"3":{"name":"(anonymous_3)","decl":{"start":{"line":58,"column":20},"end":{"line":58,"column":21}},"loc":{"start":{"line":58,"column":34},"end":{"line":60,"column":3}},"line":58}},"branchMap":{"0":{"loc":{"start":{"line":42,"column":12},"end":{"line":44,"column":13}},"type":"if","locations":[{"start":{"line":42,"column":12},"end":{"line":44,"column":13}},{"start":{},"end":{}}],"line":42},"1":{"loc":{"start":{"line":42,"column":16},"end":{"line":42,"column":41}},"type":"binary-expr","locations":[{"start":{"line":42,"column":16},"end":{"line":42,"column":21}},{"start":{"line":42,"column":25},"end":{"line":42,"column":41}}],"line":42}},"s":{"0":1,"1":1,"2":1,"3":1,"4":1,"5":1,"6":9,"7":1,"8":1,"9":2,"10":1},"f":{"0":1,"1":1,"2":9,"3":2},"b":{"0":[1,8],"1":[9,8]},"_coverageSchema":"1a1c01bbd47fc00a2c39e90264f33305004495a9","hash":"d46b0274472f425885453c018cd5f20b1cbba777"}
,"D:\\Hacktiv8\\Phase 3\\W4\\ngabolang-server\\routers\\clientAdmin.js": {"path":"D:\\Hacktiv8\\Phase 3\\W4\\ngabolang-server\\routers\\clientAdmin.js","statementMap":{"0":{"start":{"line":1,"column":15},"end":{"line":1,"column":42}},"1":{"start":{"line":2,"column":19},"end":{"line":2,"column":60}},"2":{"start":{"line":3,"column":23},"end":{"line":3,"column":63}},"3":{"start":{"line":5,"column":0},"end":{"line":5,"column":40}},"4":{"start":{"line":6,"column":0},"end":{"line":6,"column":62}},"5":{"start":{"line":8,"column":0},"end":{"line":8,"column":24}}},"fnMap":{},"branchMap":{},"s":{"0":1,"1":1,"2":1,"3":1,"4":1,"5":1},"f":{},"b":{},"_coverageSchema":"1a1c01bbd47fc00a2c39e90264f33305004495a9","hash":"e902244f41a4450de67bfa1a487f7f0d43f19e60"}
,"D:\\Hacktiv8\\Phase 3\\W4\\ngabolang-server\\routers\\clientCustomer.js": {"path":"D:\\Hacktiv8\\Phase 3\\W4\\ngabolang-server\\routers\\clientCustomer.js","statementMap":{"0":{"start":{"line":1,"column":15},"end":{"line":1,"column":42}},"1":{"start":{"line":2,"column":19},"end":{"line":2,"column":63}},"2":{"start":{"line":3,"column":23},"end":{"line":3,"column":63}},"3":{"start":{"line":4,"column":22},"end":{"line":4,"column":61}},"4":{"start":{"line":6,"column":0},"end":{"line":6,"column":46}},"5":{"start":{"line":7,"column":0},"end":{"line":7,"column":40}},"6":{"start":{"line":8,"column":0},"end":{"line":8,"column":56}},"7":{"start":{"line":9,"column":0},"end":{"line":9,"column":41}},"8":{"start":{"line":10,"column":0},"end":{"line":10,"column":73}},"9":{"start":{"line":11,"column":0},"end":{"line":11,"column":55}},"10":{"start":{"line":12,"column":0},"end":{"line":12,"column":61}},"11":{"start":{"line":13,"column":0},"end":{"line":13,"column":56}},"12":{"start":{"line":14,"column":0},"end":{"line":14,"column":77}},"13":{"start":{"line":15,"column":0},"end":{"line":15,"column":69}},"14":{"start":{"line":16,"column":0},"end":{"line":16,"column":80}},"15":{"start":{"line":18,"column":0},"end":{"line":18,"column":24}}},"fnMap":{},"branchMap":{},"s":{"0":1,"1":1,"2":1,"3":1,"4":1,"5":1,"6":1,"7":1,"8":1,"9":1,"10":1,"11":1,"12":1,"13":1,"14":1,"15":1},"f":{},"b":{},"_coverageSchema":"1a1c01bbd47fc00a2c39e90264f33305004495a9","hash":"13755895bab44050d346b0230452efbf46124569"}
,"D:\\Hacktiv8\\Phase 3\\W4\\ngabolang-server\\routers\\index.js": {"path":"D:\\Hacktiv8\\Phase 3\\W4\\ngabolang-server\\routers\\index.js","statementMap":{"0":{"start":{"line":1,"column":15},"end":{"line":1,"column":42}},"1":{"start":{"line":2,"column":20},"end":{"line":2,"column":44}},"2":{"start":{"line":3,"column":23},"end":{"line":3,"column":50}},"3":{"start":{"line":6,"column":0},"end":{"line":6,"column":34}},"4":{"start":{"line":9,"column":0},"end":{"line":9,"column":40}},"5":{"start":{"line":11,"column":0},"end":{"line":11,"column":24}}},"fnMap":{},"branchMap":{},"s":{"0":1,"1":1,"2":1,"3":1,"4":1,"5":1},"f":{},"b":{},"_coverageSchema":"1a1c01bbd47fc00a2c39e90264f33305004495a9","hash":"c13ea123b0e906648d741cc960a9774fe2ee5f9a"}
}
