TN:
SF:app.js
FNF:0
FNH:0
DA:1,2
DA:3,2
DA:4,2
DA:5,2
DA:6,2
DA:7,2
DA:9,2
DA:11,2
DA:13,2
DA:14,2
DA:20,2
DA:21,2
DA:27,2
LF:13
LH:13
BRDA:9,0,0,2
BRDA:9,0,1,2
BRF:2
BRH:2
end_of_record
TN:
SF:controllers\adminController.js
FN:6,(anonymous_0)
FN:33,(anonymous_1)
FN:58,(anonymous_2)
FN:83,(anonymous_3)
FN:109,(anonymous_4)
FN:119,(anonymous_5)
FN:167,(anonymous_6)
FN:179,(anonymous_7)
FN:188,(anonymous_8)
FN:202,(anonymous_9)
FN:215,(anonymous_10)
FN:237,(anonymous_11)
FN:248,(anonymous_12)
FN:268,(anonymous_13)
FNF:14
FNH:9
FNDA:10,(anonymous_0)
FNDA:6,(anonymous_1)
FNDA:1,(anonymous_2)
FNDA:1,(anonymous_3)
FNDA:1,(anonymous_4)
FNDA:1,(anonymous_5)
FNDA:1,(anonymous_6)
FNDA:1,(anonymous_7)
FNDA:0,(anonymous_8)
FNDA:1,(anonymous_9)
FNDA:0,(anonymous_10)
FNDA:0,(anonymous_11)
FNDA:0,(anonymous_12)
FNDA:0,(anonymous_13)
DA:1,2
DA:2,2
DA:3,2
DA:7,10
DA:12,10
DA:13,10
DA:22,1
DA:28,9
DA:29,9
DA:34,6
DA:37,6
DA:38,6
DA:39,5
DA:40,4
DA:43,4
DA:44,3
DA:46,1
DA:53,5
DA:54,5
DA:59,1
DA:60,1
DA:76,1
DA:78,0
DA:79,0
DA:84,1
DA:85,1
DA:86,1
DA:102,1
DA:104,0
DA:105,0
DA:110,1
DA:111,1
DA:112,1
DA:114,0
DA:115,0
DA:120,1
DA:121,1
DA:136,1
DA:137,1
DA:138,1
DA:139,1
DA:157,1
DA:162,0
DA:163,0
DA:168,1
DA:169,1
DA:170,1
DA:171,1
DA:173,0
DA:174,0
DA:180,1
DA:181,1
DA:182,1
DA:184,0
DA:185,0
DA:189,0
DA:190,0
DA:191,0
DA:195,0
DA:197,0
DA:198,0
DA:203,1
DA:204,1
DA:206,1
DA:207,1
DA:211,0
DA:212,0
DA:216,0
DA:217,0
DA:218,0
DA:219,0
DA:220,0
DA:221,0
DA:222,0
DA:229,0
DA:231,0
DA:232,0
DA:238,0
DA:239,0
DA:240,0
DA:241,0
DA:243,0
DA:244,0
DA:249,0
DA:250,0
DA:251,0
DA:252,0
DA:254,0
DA:256,0
DA:260,0
DA:262,0
DA:263,0
DA:269,0
DA:270,0
DA:271,0
DA:272,0
DA:274,0
DA:275,0
DA:282,2
LF:99
LH:48
BRDA:38,0,0,1
BRDA:38,0,1,5
BRDA:39,1,0,1
BRDA:39,1,1,4
BRDA:43,2,0,3
BRDA:43,2,1,1
BRDA:43,3,0,4
BRDA:43,3,1,2
BRDA:138,4,0,0
BRDA:138,4,1,1
BRDA:221,5,0,0
BRDA:221,5,1,0
BRDA:221,6,0,0
BRDA:221,6,1,0
BRDA:240,7,0,0
BRDA:240,7,1,0
BRDA:240,8,0,0
BRDA:240,8,1,0
BRDA:254,9,0,0
BRDA:254,9,1,0
BRF:20
BRH:9
end_of_record
TN:
SF:controllers\customerController.js
FN:8,(anonymous_0)
FN:31,(anonymous_1)
FN:53,(anonymous_2)
FN:87,(anonymous_3)
FN:107,(anonymous_4)
FN:126,(anonymous_5)
FN:151,(anonymous_6)
FN:171,(anonymous_7)
FN:191,(anonymous_8)
FN:204,(anonymous_9)
FN:229,(anonymous_10)
FNF:11
FNH:5
FNDA:10,(anonymous_0)
FNDA:3,(anonymous_1)
FNDA:0,(anonymous_2)
FNDA:1,(anonymous_3)
FNDA:2,(anonymous_4)
FNDA:2,(anonymous_5)
FNDA:0,(anonymous_6)
FNDA:0,(anonymous_7)
FNDA:0,(anonymous_8)
FNDA:0,(anonymous_9)
FNDA:0,(anonymous_10)
DA:2,2
DA:3,2
DA:4,2
DA:5,2
DA:9,10
DA:11,10
DA:12,10
DA:21,1
DA:27,9
DA:32,3
DA:33,3
DA:34,3
DA:35,3
DA:36,3
DA:39,3
DA:40,2
DA:42,1
DA:49,2
DA:54,0
DA:55,0
DA:56,0
DA:58,0
DA:63,0
DA:65,0
DA:66,0
DA:67,0
DA:76,0
DA:83,0
DA:88,1
DA:89,1
DA:100,1
DA:101,1
DA:103,0
DA:108,2
DA:109,2
DA:110,2
DA:119,2
DA:120,1
DA:122,1
DA:127,2
DA:128,2
DA:129,2
DA:144,2
DA:145,1
DA:147,1
DA:152,0
DA:153,0
DA:164,0
DA:165,0
DA:167,0
DA:172,0
DA:173,0
DA:174,0
DA:184,0
DA:185,0
DA:187,0
DA:192,0
DA:193,0
DA:194,0
DA:198,0
DA:200,0
DA:205,0
DA:206,0
DA:207,0
DA:219,0
DA:220,0
DA:221,0
DA:223,0
DA:225,0
DA:230,0
DA:231,0
DA:232,0
DA:233,0
DA:245,0
DA:246,0
DA:250,0
DA:251,0
DA:253,0
DA:254,0
DA:259,2
LF:80
LH:35
BRDA:34,0,0,0
BRDA:34,0,1,3
BRDA:35,1,0,0
BRDA:35,1,1,3
BRDA:39,2,0,2
BRDA:39,2,1,1
BRDA:39,3,0,3
BRDA:39,3,1,2
BRDA:76,4,0,0
BRDA:76,4,1,0
BRDA:100,5,0,0
BRDA:100,5,1,1
BRDA:119,6,0,1
BRDA:119,6,1,1
BRDA:144,7,0,1
BRDA:144,7,1,1
BRDA:164,8,0,0
BRDA:164,8,1,0
BRDA:184,9,0,0
BRDA:184,9,1,0
BRDA:219,10,0,0
BRDA:219,10,1,0
BRDA:245,11,0,0
BRDA:245,11,1,0
BRF:24
BRH:11
end_of_record
TN:
SF:helpers\bcrypt.js
FN:4,(anonymous_0)
FN:5,(anonymous_1)
FNF:2
FNH:2
FNDA:12,(anonymous_0)
FNDA:4,(anonymous_1)
DA:1,2
DA:3,2
DA:4,12
DA:6,4
LF:4
LH:4
BRF:0
BRH:0
end_of_record
TN:
SF:helpers\jwt.js
FN:6,(anonymous_0)
FN:7,(anonymous_1)
FNF:2
FNH:2
FNDA:2,(anonymous_0)
FNDA:18,(anonymous_1)
DA:1,2
DA:2,2
DA:5,2
DA:6,2
DA:7,18
LF:5
LH:5
BRF:0
BRH:0
end_of_record
TN:
SF:middlewares\authentication.js
FN:4,authentication
FNF:1
FNH:1
FNDA:18,authentication
DA:1,2
DA:2,2
DA:5,18
DA:7,18
DA:8,18
DA:9,18
DA:10,17
DA:11,17
DA:12,17
DA:13,17
DA:15,1
DA:19,2
LF:12
LH:12
BRDA:8,0,0,0
BRDA:8,0,1,18
BRDA:11,1,0,0
BRDA:11,1,1,17
BRF:4
BRH:2
end_of_record
TN:
SF:middlewares\authorization.js
FN:3,authorization
FNF:1
FNH:0
FNDA:0,authorization
DA:1,2
DA:4,0
DA:5,0
DA:6,0
DA:19,0
DA:20,0
DA:25,0
DA:26,0
DA:28,0
DA:30,0
DA:34,2
LF:11
LH:2
BRDA:19,0,0,0
BRDA:19,0,1,0
BRDA:25,1,0,0
BRDA:25,1,1,0
BRF:4
BRH:0
end_of_record
TN:
SF:middlewares\errorHandler.js
FN:1,(anonymous_0)
FNF:1
FNH:1
FNDA:28,(anonymous_0)
DA:1,2
DA:5,28
DA:7,1
DA:8,1
DA:9,1
DA:11,1
DA:12,1
DA:13,1
DA:15,16
DA:16,16
DA:17,16
DA:19,5
DA:20,5
DA:21,5
DA:24,1
DA:25,1
DA:26,1
DA:28,0
DA:29,0
DA:30,0
DA:32,2
DA:33,2
DA:34,2
DA:36,2
DA:37,2
DA:38,2
DA:40,0
DA:41,0
DA:42,0
DA:44,28
LF:30
LH:24
BRDA:5,0,0,1
BRDA:5,0,1,1
BRDA:5,0,2,16
BRDA:5,0,3,5
BRDA:5,0,4,0
BRDA:5,0,5,1
BRDA:5,0,6,0
BRDA:5,0,7,2
BRDA:5,0,8,2
BRDA:5,0,9,0
BRF:10
BRH:7
end_of_record
TN:
SF:models\category.js
FN:3,(anonymous_0)
FN:10,(anonymous_1)
FNF:2
FNH:2
FNDA:2,(anonymous_0)
FNDA:2,(anonymous_1)
DA:2,2
DA:3,2
DA:12,2
DA:15,2
DA:25,2
LF:5
LH:5
BRF:0
BRH:0
end_of_record
TN:
SF:models\destination.js
FN:3,(anonymous_0)
FN:10,(anonymous_1)
FNF:2
FNH:2
FNDA:2,(anonymous_0)
FNDA:2,(anonymous_1)
DA:2,2
DA:3,2
DA:12,2
DA:15,2
DA:32,2
LF:5
LH:5
BRF:0
BRH:0
end_of_record
TN:
SF:models\index.js
FN:25,(anonymous_0)
FN:33,(anonymous_1)
FN:41,(anonymous_2)
FNF:3
FNH:3
FNDA:12,(anonymous_0)
FNDA:10,(anonymous_1)
FNDA:10,(anonymous_2)
DA:3,2
DA:4,2
DA:5,2
DA:6,2
DA:7,2
DA:8,2
DA:9,2
DA:10,2
DA:13,2
DA:14,0
DA:16,2
DA:24,2
DA:26,12
DA:34,10
DA:38,10
DA:41,2
DA:42,10
DA:43,10
DA:47,2
DA:48,2
DA:50,2
LF:21
LH:20
BRDA:8,0,0,2
BRDA:8,0,1,0
BRDA:13,1,0,0
BRDA:13,1,1,2
BRDA:27,2,0,12
BRDA:27,2,1,12
BRDA:27,2,2,10
BRDA:27,2,3,10
BRDA:42,3,0,10
BRDA:42,3,1,0
BRF:10
BRH:7
end_of_record
TN:
SF:models\trip.js
FN:3,(anonymous_0)
FN:10,(anonymous_1)
FN:17,(anonymous_2)
FN:41,(anonymous_3)
FN:86,(anonymous_4)
FNF:5
FNH:5
FNDA:2,(anonymous_0)
FNDA:2,(anonymous_1)
FNDA:1,(anonymous_2)
FNDA:3,(anonymous_3)
FNDA:1,(anonymous_4)
DA:2,2
DA:3,2
DA:12,2
DA:13,2
DA:14,2
DA:15,2
DA:18,1
DA:19,1
DA:20,1
DA:21,1
DA:41,1
DA:42,3
DA:52,3
DA:54,1
DA:57,1
DA:59,0
DA:60,0
DA:64,2
DA:86,2
DA:87,1
DA:89,2
LF:21
LH:19
BRF:0
BRH:0
end_of_record
TN:
SF:models\tripgroup.js
FN:3,(anonymous_0)
FN:10,(anonymous_1)
FNF:2
FNH:2
FNDA:2,(anonymous_0)
FNDA:2,(anonymous_1)
DA:2,2
DA:3,2
DA:12,2
DA:13,2
DA:16,2
DA:29,2
LF:6
LH:6
BRF:0
BRH:0
end_of_record
TN:
SF:models\user.js
FN:5,(anonymous_0)
FN:7,(anonymous_1)
FN:41,(anonymous_2)
FN:58,(anonymous_3)
FNF:4
FNH:4
FNDA:2,(anonymous_0)
FNDA:2,(anonymous_1)
FNDA:18,(anonymous_2)
FNDA:4,(anonymous_3)
DA:2,2
DA:3,2
DA:5,2
DA:9,2
DA:10,2
DA:13,2
DA:42,18
DA:43,2
DA:58,2
DA:59,4
DA:61,2
LF:11
LH:11
BRDA:42,0,0,2
BRDA:42,0,1,16
BRDA:42,1,0,18
BRDA:42,1,1,16
BRF:4
BRH:4
end_of_record
TN:
SF:routers\clientAdmin.js
FNF:0
FNH:0
DA:1,2
DA:2,2
DA:3,2
DA:5,2
DA:6,2
DA:9,2
DA:10,2
DA:11,2
DA:12,2
DA:13,2
DA:14,2
DA:15,2
DA:22,2
DA:23,2
DA:24,2
DA:25,2
DA:27,2
DA:29,2
LF:18
LH:18
BRF:0
BRH:0
end_of_record
TN:
SF:routers\clientCustomer.js
FNF:0
FNH:0
DA:1,2
DA:2,2
DA:3,2
DA:4,2
DA:7,2
DA:8,2
DA:9,2
DA:10,2
DA:11,2
DA:12,2
DA:13,2
DA:14,2
DA:15,2
DA:16,2
DA:17,2
DA:20,2
LF:16
LH:16
BRF:0
BRH:0
end_of_record
TN:
SF:routers\index.js
FNF:0
FNH:0
DA:1,2
DA:2,2
DA:3,2
DA:6,2
DA:9,2
DA:11,2
LF:6
LH:6
BRF:0
BRH:0
end_of_record
