TN:
SF:app.js
FNF:0
FNH:0
DA:1,2
DA:3,2
DA:4,2
DA:5,2
DA:6,2
DA:7,2
DA:9,2
DA:11,2
DA:13,2
DA:14,2
DA:20,2
DA:21,2
DA:27,2
LF:13
LH:13
BRDA:9,0,0,2
BRDA:9,0,1,2
BRF:2
BRH:2
end_of_record
TN:
SF:controllers\adminController.js
FN:6,(anonymous_0)
FN:29,(anonymous_1)
FN:51,(anonymous_2)
FN:79,(anonymous_3)
FN:112,(anonymous_4)
FN:121,(anonymous_5)
FN:168,(anonymous_6)
FN:179,(anonymous_7)
FN:187,(anonymous_8)
FN:200,(anonymous_9)
FN:212,(anonymous_10)
FN:233,(anonymous_11)
FN:245,(anonymous_12)
FN:264,(anonymous_13)
FN:274,(anonymous_14)
FNF:15
FNH:15
FNDA:10,(anonymous_0)
FNDA:6,(anonymous_1)
FNDA:1,(anonymous_2)
FNDA:1,(anonymous_3)
FNDA:1,(anonymous_4)
FNDA:2,(anonymous_5)
FNDA:1,(anonymous_6)
FNDA:1,(anonymous_7)
FNDA:1,(anonymous_8)
FNDA:1,(anonymous_9)
FNDA:2,(anonymous_10)
FNDA:1,(anonymous_11)
FNDA:2,(anonymous_12)
FNDA:1,(anonymous_13)
FNDA:1,(anonymous_14)
DA:1,2
DA:2,2
DA:3,2
DA:7,10
DA:9,10
DA:10,10
DA:19,1
DA:25,9
DA:30,6
DA:31,6
DA:32,6
DA:33,5
DA:34,4
DA:37,4
DA:38,3
DA:40,1
DA:47,5
DA:52,1
DA:53,1
DA:73,1
DA:75,0
DA:80,1
DA:81,1
DA:82,1
DA:106,1
DA:108,0
DA:113,1
DA:114,1
DA:115,1
DA:117,0
DA:122,2
DA:123,2
DA:138,2
DA:139,2
DA:140,2
DA:141,1
DA:159,1
DA:164,1
DA:169,1
DA:170,1
DA:171,1
DA:172,1
DA:174,0
DA:180,1
DA:181,1
DA:182,1
DA:184,0
DA:188,1
DA:189,1
DA:190,1
DA:194,1
DA:196,0
DA:201,1
DA:202,1
DA:204,1
DA:205,1
DA:209,0
DA:213,2
DA:214,2
DA:215,2
DA:216,2
DA:217,2
DA:218,2
DA:219,1
DA:226,1
DA:228,1
DA:234,1
DA:235,1
DA:238,1
DA:239,1
DA:241,0
DA:246,2
DA:247,2
DA:248,2
DA:249,2
DA:251,2
DA:253,1
DA:257,1
DA:259,1
DA:265,1
DA:266,1
DA:267,1
DA:268,1
DA:270,0
DA:275,1
DA:276,1
DA:277,1
DA:281,1
DA:283,0
DA:290,2
LF:90
LH:80
BRDA:32,0,0,1
BRDA:32,0,1,5
BRDA:33,1,0,1
BRDA:33,1,1,4
BRDA:37,2,0,3
BRDA:37,2,1,1
BRDA:37,3,0,4
BRDA:37,3,1,2
BRDA:140,4,0,1
BRDA:140,4,1,1
BRDA:218,5,0,1
BRDA:218,5,1,1
BRDA:218,6,0,2
BRDA:218,6,1,1
BRDA:238,7,0,0
BRDA:238,7,1,1
BRDA:238,8,0,1
BRDA:238,8,1,1
BRDA:251,9,0,1
BRDA:251,9,1,1
BRF:20
BRH:19
end_of_record
TN:
SF:controllers\customerController.js
FN:8,(anonymous_0)
FN:31,(anonymous_1)
FN:54,(anonymous_2)
FN:90,(anonymous_3)
FN:110,(anonymous_4)
FN:129,(anonymous_5)
FN:164,(anonymous_6)
FN:190,(anonymous_7)
FN:210,(anonymous_8)
FN:223,(anonymous_9)
FN:248,(anonymous_10)
FN:276,(anonymous_11)
FN:293,(anonymous_12)
FNF:13
FNH:13
FNDA:10,(anonymous_0)
FNDA:5,(anonymous_1)
FNDA:1,(anonymous_2)
FNDA:1,(anonymous_3)
FNDA:2,(anonymous_4)
FNDA:2,(anonymous_5)
FNDA:1,(anonymous_6)
FNDA:2,(anonymous_7)
FNDA:2,(anonymous_8)
FNDA:2,(anonymous_9)
FNDA:1,(anonymous_10)
FNDA:2,(anonymous_11)
FNDA:2,(anonymous_12)
DA:1,2
DA:2,2
DA:3,2
DA:4,2
DA:5,2
DA:9,10
DA:11,10
DA:12,10
DA:21,1
DA:27,9
DA:32,5
DA:33,5
DA:34,5
DA:35,4
DA:36,3
DA:39,3
DA:40,2
DA:42,1
DA:50,4
DA:55,1
DA:56,1
DA:57,1
DA:59,1
DA:64,0
DA:66,0
DA:67,0
DA:68,0
DA:78,0
DA:85,1
DA:86,1
DA:91,1
DA:92,1
DA:103,1
DA:104,1
DA:106,0
DA:111,2
DA:112,2
DA:113,2
DA:122,2
DA:123,1
DA:125,1
DA:130,2
DA:131,2
DA:132,2
DA:157,2
DA:158,1
DA:160,1
DA:165,1
DA:166,1
DA:183,1
DA:184,1
DA:186,0
DA:191,2
DA:192,2
DA:193,2
DA:203,2
DA:204,1
DA:206,1
DA:211,2
DA:212,2
DA:213,2
DA:217,1
DA:219,1
DA:224,2
DA:225,2
DA:226,2
DA:238,2
DA:239,1
DA:240,1
DA:242,1
DA:244,1
DA:249,1
DA:250,1
DA:251,1
DA:252,1
DA:264,1
DA:265,1
DA:269,1
DA:270,1
DA:272,0
DA:277,2
DA:278,2
DA:287,1
DA:289,1
DA:294,2
DA:295,2
DA:298,1
DA:300,1
DA:305,2
LF:89
LH:81
BRDA:34,0,0,1
BRDA:34,0,1,4
BRDA:35,1,0,1
BRDA:35,1,1,3
BRDA:39,2,0,2
BRDA:39,2,1,1
BRDA:39,3,0,3
BRDA:39,3,1,2
BRDA:78,4,0,0
BRDA:78,4,1,0
BRDA:103,5,0,0
BRDA:103,5,1,1
BRDA:122,6,0,1
BRDA:122,6,1,1
BRDA:157,7,0,1
BRDA:157,7,1,1
BRDA:183,8,0,0
BRDA:183,8,1,1
BRDA:203,9,0,1
BRDA:203,9,1,1
BRDA:238,10,0,1
BRDA:238,10,1,1
BRDA:264,11,0,0
BRDA:264,11,1,1
BRF:24
BRH:19
end_of_record
TN:
SF:helpers\bcrypt.js
FN:4,(anonymous_0)
FN:5,(anonymous_1)
FNF:2
FNH:2
FNDA:12,(anonymous_0)
FNDA:4,(anonymous_1)
DA:1,2
DA:3,2
DA:4,12
DA:6,4
LF:4
LH:4
BRF:0
BRH:0
end_of_record
TN:
SF:helpers\jwt.js
FN:6,(anonymous_0)
FN:7,(anonymous_1)
FNF:2
FNH:2
FNDA:2,(anonymous_0)
FNDA:52,(anonymous_1)
DA:1,2
DA:2,2
DA:5,2
DA:6,2
DA:7,52
LF:5
LH:5
BRF:0
BRH:0
end_of_record
TN:
SF:middlewares\authentication.js
FN:4,authentication
FNF:1
FNH:1
FNDA:53,authentication
DA:1,2
DA:2,2
DA:5,53
DA:7,53
DA:8,53
DA:9,52
DA:10,35
DA:11,35
DA:12,35
DA:13,35
DA:15,18
DA:19,2
LF:12
LH:12
BRDA:8,0,0,1
BRDA:8,0,1,52
BRDA:11,1,0,0
BRDA:11,1,1,35
BRF:4
BRH:3
end_of_record
TN:
SF:middlewares\authorization.js
FN:3,authorization
FNF:1
FNH:1
FNDA:4,authorization
DA:1,2
DA:4,4
DA:5,4
DA:6,4
DA:19,3
DA:20,1
DA:25,2
DA:26,1
DA:28,1
DA:30,3
DA:34,2
LF:11
LH:11
BRDA:19,0,0,1
BRDA:19,0,1,2
BRDA:25,1,0,1
BRDA:25,1,1,1
BRF:4
BRH:4
end_of_record
TN:
SF:middlewares\errorHandler.js
FN:1,(anonymous_0)
FNF:1
FNH:1
FNDA:59,(anonymous_0)
DA:1,2
DA:5,59
DA:7,2
DA:8,2
DA:9,2
DA:11,2
DA:12,2
DA:13,2
DA:15,16
DA:16,16
DA:17,16
DA:19,5
DA:20,5
DA:21,5
DA:24,18
DA:25,18
DA:26,18
DA:28,1
DA:29,1
DA:30,1
DA:32,8
DA:33,8
DA:34,8
DA:36,2
DA:37,2
DA:38,2
DA:40,5
DA:41,5
DA:42,5
DA:44,59
LF:30
LH:30
BRDA:5,0,0,2
BRDA:5,0,1,2
BRDA:5,0,2,16
BRDA:5,0,3,5
BRDA:5,0,4,1
BRDA:5,0,5,18
BRDA:5,0,6,1
BRDA:5,0,7,8
BRDA:5,0,8,2
BRDA:5,0,9,5
BRF:10
BRH:10
end_of_record
TN:
SF:models\category.js
FN:3,(anonymous_0)
FN:10,(anonymous_1)
FNF:2
FNH:2
FNDA:2,(anonymous_0)
FNDA:2,(anonymous_1)
DA:2,2
DA:3,2
DA:12,2
DA:15,2
DA:25,2
LF:5
LH:5
BRF:0
BRH:0
end_of_record
TN:
SF:models\destination.js
FN:3,(anonymous_0)
FN:10,(anonymous_1)
FNF:2
FNH:2
FNDA:2,(anonymous_0)
FNDA:2,(anonymous_1)
DA:2,2
DA:3,2
DA:12,2
DA:15,2
DA:32,2
LF:5
LH:5
BRF:0
BRH:0
end_of_record
TN:
SF:models\index.js
FN:25,(anonymous_0)
FN:33,(anonymous_1)
FN:41,(anonymous_2)
FNF:3
FNH:3
FNDA:12,(anonymous_0)
FNDA:10,(anonymous_1)
FNDA:10,(anonymous_2)
DA:3,2
DA:4,2
DA:5,2
DA:6,2
DA:7,2
DA:8,2
DA:9,2
DA:10,2
DA:13,2
DA:14,0
DA:16,2
DA:24,2
DA:26,12
DA:34,10
DA:38,10
DA:41,2
DA:42,10
DA:43,10
DA:47,2
DA:48,2
DA:50,2
LF:21
LH:20
BRDA:8,0,0,2
BRDA:8,0,1,0
BRDA:13,1,0,0
BRDA:13,1,1,2
BRDA:27,2,0,12
BRDA:27,2,1,12
BRDA:27,2,2,10
BRDA:27,2,3,10
BRDA:42,3,0,10
BRDA:42,3,1,0
BRF:10
BRH:7
end_of_record
TN:
SF:models\trip.js
FN:3,(anonymous_0)
FN:10,(anonymous_1)
FN:17,(anonymous_2)
FN:41,(anonymous_3)
FN:86,(anonymous_4)
FNF:5
FNH:5
FNDA:2,(anonymous_0)
FNDA:2,(anonymous_1)
FNDA:1,(anonymous_2)
FNDA:3,(anonymous_3)
FNDA:1,(anonymous_4)
DA:2,2
DA:3,2
DA:12,2
DA:13,2
DA:14,2
DA:15,2
DA:18,1
DA:19,1
DA:20,1
DA:21,1
DA:41,1
DA:42,3
DA:52,3
DA:54,1
DA:57,1
DA:59,0
DA:60,0
DA:64,2
DA:86,2
DA:87,1
DA:89,2
LF:21
LH:19
BRF:0
BRH:0
end_of_record
TN:
SF:models\tripgroup.js
FN:3,(anonymous_0)
FN:10,(anonymous_1)
FNF:2
FNH:2
FNDA:2,(anonymous_0)
FNDA:2,(anonymous_1)
DA:2,2
DA:3,2
DA:12,2
DA:13,2
DA:16,2
DA:29,2
LF:6
LH:6
BRF:0
BRH:0
end_of_record
TN:
SF:models\user.js
FN:5,(anonymous_0)
FN:7,(anonymous_1)
FN:41,(anonymous_2)
FN:58,(anonymous_3)
FNF:4
FNH:4
FNDA:2,(anonymous_0)
FNDA:2,(anonymous_1)
FNDA:18,(anonymous_2)
FNDA:4,(anonymous_3)
DA:2,2
DA:3,2
DA:5,2
DA:9,2
DA:10,2
DA:13,2
DA:42,18
DA:43,2
DA:58,2
DA:59,4
DA:61,2
LF:11
LH:11
BRDA:42,0,0,2
BRDA:42,0,1,16
BRDA:42,1,0,18
BRDA:42,1,1,16
BRF:4
BRH:4
end_of_record
TN:
SF:routers\clientAdmin.js
FNF:0
FNH:0
DA:1,2
DA:2,2
DA:3,2
DA:5,2
DA:6,2
DA:9,2
DA:10,2
DA:11,2
DA:12,2
DA:13,2
DA:14,2
DA:15,2
DA:20,2
DA:23,2
DA:24,2
DA:25,2
DA:26,2
DA:28,2
DA:30,2
LF:19
LH:19
BRF:0
BRH:0
end_of_record
TN:
SF:routers\clientCustomer.js
FNF:0
FNH:0
DA:1,2
DA:2,2
DA:3,2
DA:4,2
DA:6,2
DA:7,2
DA:8,2
DA:9,2
DA:10,2
DA:11,2
DA:12,2
DA:13,2
DA:14,2
DA:15,2
DA:16,2
DA:17,2
DA:18,2
DA:20,2
LF:18
LH:18
BRF:0
BRH:0
end_of_record
TN:
SF:routers\index.js
FNF:0
FNH:0
DA:1,2
DA:2,2
DA:3,2
DA:6,2
DA:9,2
DA:11,2
LF:6
LH:6
BRF:0
BRH:0
end_of_record
